[06/18/18 20:50:51] D2BS 10156: D2BS Engine startup complete. 1.5.1869
[06/19/18 12:47:51] D2BS 1936: D2BS Engine startup complete. 1.5.1869
[06/19/18 15:31:48] D2BS 1936: D2BS Shutdown complete.
[06/19/18 19:58:25] D2BS 10352: D2BS Engine startup complete. 1.5.1869
[06/19/18 21:29:37] D2BS 10352: D2BS Shutdown complete.
[06/20/18 00:08:26] D2BS 10720: D2BS Engine startup complete. 1.5.1869
[06/20/18 00:08:26] D2BS 10720: MF Sorc
[06/20/18 00:11:35] D2BS 10720: D2BS Shutdown complete.
[06/20/18 00:11:55] D2BS 8912: D2BS Engine startup complete. 1.5.1869
[06/20/18 00:11:55] D2BS 8912: MF Sorc
[06/20/18 00:13:00] D2BS 8912: D2BS Shutdown complete.
[06/20/18 00:13:50] D2BS 5796: D2BS Engine startup complete. 1.5.1869
[06/20/18 00:13:50] D2BS 5796: MF Sorc
[06/20/18 08:21:06] D2BS 1264: D2BS Engine startup complete. 1.5.1869
[06/20/18 08:21:06] D2BS 1264: MF Sorc
[06/20/18 08:44:27] D2BS 10324: D2BS Engine startup complete. 1.5.1869
[06/20/18 08:44:27] D2BS 10324: MF Sorc
[06/20/18 09:01:05] D2BS 9104: D2BS Engine startup complete. 1.5.1869
[06/20/18 09:02:33] D2BS 9104: D2BS Shutdown complete.
[06/20/18 09:02:45] D2BS 10324: D2BS Shutdown complete.
[06/20/18 09:02:52] D2BS 1924: D2BS Engine startup complete. 1.5.1869
[06/20/18 09:02:52] D2BS 1924: MF Sorc
[06/20/18 09:03:02] D2BS 8864: D2BS Engine startup complete. 1.5.1869
[06/20/18 09:03:34] D2BS 8864: D2BS Shutdown complete.
[06/20/18 09:03:34] D2BS 4964: D2BS Engine startup complete. 1.5.1869
[06/20/18 09:03:37] D2BS 4964: D2BS Shutdown complete.
[06/20/18 09:06:16] D2BS 9012: D2BS Engine startup complete. 1.5.1869
[06/20/18 09:06:26] D2BS 9012: D2BS Shutdown complete.
[06/20/18 09:07:27] D2BS 10808: D2BS Engine startup complete. 1.5.1869
[06/20/18 09:17:26] D2BS 2312: D2BS Engine startup complete. 1.5.1869
[06/20/18 09:17:45] D2BS 2312: D2BS Shutdown complete.
[06/20/18 09:18:34] D2BS 4832: D2BS Engine startup complete. 1.5.1869
[06/20/18 09:18:53] D2BS 4832: D2BS Shutdown complete.
[06/20/18 09:20:01] D2BS 10572: D2BS Engine startup complete. 1.5.1869
[06/20/18 09:20:12] D2BS 10572: D2BS Shutdown complete.
[06/20/18 10:22:23] D2BS 10136: D2BS Engine startup complete. 1.5.1869
[06/20/18 11:38:34] D2BS 1924: D2BS Shutdown complete.
[06/20/18 11:38:52] D2BS 7988: D2BS Engine startup complete. 1.5.1869
[06/20/18 11:46:10] D2BS 7988: D2BS Shutdown complete.
[06/20/18 11:46:23] D2BS 10760: D2BS Engine startup complete. 1.5.1869
[06/20/18 11:46:23] D2BS 10760: MF Sorc
[06/20/18 13:01:44] D2BS 10308: D2BS Engine startup complete. 1.5.1869
[06/20/18 13:01:44] D2BS 10308: MF Sorc
[06/20/18 13:05:49] D2BS 10308: D2BS Shutdown complete.
[06/20/18 13:06:00] D2BS 1008: D2BS Engine startup complete. 1.5.1869
[06/20/18 13:06:00] D2BS 1008: MF Sorc
[06/20/18 13:23:41] D2BS 4620: D2BS Engine startup complete. 1.5.1869
[06/20/18 14:29:37] D2BS 2360: D2BS Engine startup complete. 1.5.1869
[06/20/18 15:31:37] D2BS 6348: D2BS Engine startup complete. 1.5.1869
[06/20/18 15:37:24] D2BS 3408: D2BS Engine startup complete. 1.5.1869
[06/20/18 15:52:43] D2BS 1008: D2BS Shutdown complete.
[06/20/18 15:52:51] D2BS 11244: D2BS Engine startup complete. 1.5.1869
[06/20/18 16:40:02] D2BS 4620: D2BS Shutdown complete.
[06/20/18 16:40:04] D2BS 2360: D2BS Shutdown complete.
[06/20/18 16:40:05] D2BS 6348: D2BS Shutdown complete.
[06/20/18 16:40:07] D2BS 3408: D2BS Shutdown complete.
[06/20/18 16:46:49] D2BS 11244: D2BS Shutdown complete.
[06/20/18 16:46:53] D2BS 2204: D2BS Engine startup complete. 1.5.1869
[06/20/18 16:47:38] D2BS 6084: D2BS Engine startup complete. 1.5.1869
[06/20/18 16:47:38] D2BS 6084: Tweaxer
[06/20/18 16:49:04] D2BS 6084: D2BS Shutdown complete.
[06/20/18 16:54:24] D2BS 9032: D2BS Engine startup complete. 1.5.1869
[06/20/18 16:54:24] D2BS 9032: Tweaxer
[06/20/18 16:55:27] D2BS 9032: D2BS Shutdown complete.
[06/20/18 16:59:00] D2BS 4952: D2BS Engine startup complete. 1.5.1869
[06/20/18 16:59:00] D2BS 4952: Tweaxer
[06/20/18 17:00:03] D2BS 4952: D2BS Shutdown complete.
[06/20/18 17:04:17] D2BS 2204: D2BS Shutdown complete.
[06/20/18 17:05:18] D2BS 2552: D2BS Engine startup complete. 1.5.1869
[06/20/18 17:07:34] D2BS 9420: D2BS Engine startup complete. 1.5.1869
[06/20/18 17:07:34] D2BS 9420: Tweaxer
[06/20/18 17:10:20] D2BS 9420: D2BS Shutdown complete.
[06/20/18 17:10:23] D2BS 4660: D2BS Engine startup complete. 1.5.1869
[06/20/18 17:10:23] D2BS 4660: Tweaxer
[06/20/18 17:12:15] D2BS 4660: D2BS Shutdown complete.
[06/20/18 17:16:16] D2BS 2552: D2BS Shutdown complete.
[06/20/18 17:16:34] D2BS 4800: D2BS Engine startup complete. 1.5.1869
[06/20/18 17:17:07] D2BS 11524: D2BS Engine startup complete. 1.5.1869
[06/20/18 17:17:07] D2BS 11524: Tweaxer
[06/20/18 17:23:51] D2BS 11524: D2BS Shutdown complete.
[06/20/18 17:24:41] D2BS 11496: D2BS Engine startup complete. 1.5.1869
[06/20/18 17:24:41] D2BS 11496: Tweaxer
[06/20/18 17:26:02] D2BS 11496: D2BS Shutdown complete.
[06/20/18 17:26:47] D2BS 4800: D2BS Shutdown complete.
[06/20/18 17:26:57] D2BS 9684: D2BS Engine startup complete. 1.5.1869
[06/20/18 17:27:17] D2BS 10420: D2BS Engine startup complete. 1.5.1869
[06/20/18 17:27:17] D2BS 10420: Tweaxer
[06/20/18 17:28:10] D2BS 10420: D2BS Shutdown complete.
[06/20/18 17:36:21] D2BS 10720: D2BS Engine startup complete. 1.5.1869
[06/20/18 17:36:21] D2BS 10720: Tweaxer
[06/20/18 17:37:16] D2BS 10720: D2BS Shutdown complete.
[06/20/18 17:41:08] D2BS 9684: D2BS Shutdown complete.
[06/20/18 17:51:53] D2BS 12212: D2BS Engine startup complete. 1.5.1869
[06/20/18 17:51:53] D2BS 12212: Main Sorc
[06/20/18 17:59:41] D2BS 12212: D2BS Shutdown complete.
[06/20/18 17:59:51] D2BS 9924: D2BS Engine startup complete. 1.5.1869
[06/20/18 17:59:52] D2BS 10820: D2BS Engine startup complete. 1.5.1869
[06/20/18 17:59:52] D2BS 10820: Tweaxer
[06/20/18 18:10:09] D2BS 10820: D2BS Shutdown complete.
[06/20/18 18:10:15] D2BS 9924: D2BS Shutdown complete.
[06/20/18 18:10:45] D2BS 11716: D2BS Engine startup complete. 1.5.1869
[06/20/18 18:10:45] D2BS 11716: Main Sorc
[06/20/18 22:33:42] D2BS 756: D2BS Engine startup complete. 1.5.1869
[06/20/18 22:33:42] D2BS 756: Main Sorc
[06/20/18 23:17:54] D2BS 756: D2BS Shutdown complete.
[06/20/18 23:18:07] D2BS 9092: D2BS Engine startup complete. 1.5.1869
[06/20/18 23:22:24] D2BS 5032: D2BS Engine startup complete. 1.5.1869
[06/20/18 23:22:24] D2BS 5032: Tweaxer
[06/20/18 23:22:28] D2BS 5032: D2BS Shutdown complete.
[06/20/18 23:28:49] D2BS 11644: D2BS Engine startup complete. 1.5.1869
[06/20/18 23:28:49] D2BS 11644: Tweaxer
[06/20/18 23:29:03] D2BS 10604: D2BS Engine startup complete. 1.5.1869
[06/20/18 23:29:03] D2BS 10604: Tweaxie
[06/20/18 23:29:16] D2BS 5068: D2BS Engine startup complete. 1.5.1869
[06/20/18 23:29:16] D2BS 5068: Tweaxey
[06/20/18 23:29:26] D2BS 11080: D2BS Engine startup complete. 1.5.1869
[06/20/18 23:29:26] D2BS 11080: Tweaxe
[06/20/18 23:30:23] D2BS 11644: D2BS Shutdown complete.
[06/20/18 23:30:39] D2BS 5068: D2BS Shutdown complete.
[06/20/18 23:30:53] D2BS 10604: D2BS Shutdown complete.
[06/20/18 23:31:01] D2BS 11080: D2BS Shutdown complete.
[06/20/18 23:31:13] D2BS 9092: D2BS Shutdown complete.
[06/20/18 23:31:24] D2BS 10492: D2BS Engine startup complete. 1.5.1869
[06/20/18 23:31:24] D2BS 11780: D2BS Engine startup complete. 1.5.1869
[06/20/18 23:31:24] D2BS 10492: Tweaxey
[06/20/18 23:31:24] D2BS 4540: D2BS Engine startup complete. 1.5.1869
[06/20/18 23:31:24] D2BS 11780: Tweaxe
[06/20/18 23:31:24] D2BS 6344: D2BS Engine startup complete. 1.5.1869
[06/20/18 23:31:24] D2BS 12020: D2BS Engine startup complete. 1.5.1869
[06/20/18 23:31:24] D2BS 6344: Tweaxie
[06/20/18 23:31:24] D2BS 12020: Tweaxer
[06/20/18 23:59:16] D2BS 4540: D2BS Shutdown complete.
[06/20/18 23:59:16] D2BS 12164: D2BS Engine startup complete. 1.5.1869
[06/21/18 02:06:56] D2BS 12164: D2BS Shutdown complete.
[06/21/18 02:07:01] D2BS 10648: D2BS Engine startup complete. 1.5.1869
[06/21/18 02:07:01] D2BS 10648: Main Sorc
[06/21/18 02:07:35] D2BS 11780: [Error] Code(0) File(c:\users\celee\desktop\kol\d2bs\kolbot\libs\common\config.js:95) Error: Config.init: Error in character config.
Line: (null)
[06/21/18 02:11:18] D2BS 6388: D2BS Engine startup complete. 1.5.1869
[06/21/18 02:11:18] D2BS 6388: Main Sorc
[06/21/18 02:30:39] D2BS 12020: D2BS Shutdown complete.
[06/21/18 02:30:42] D2BS 10492: D2BS Shutdown complete.
[06/21/18 02:30:43] D2BS 11780: D2BS Shutdown complete.
[06/21/18 02:30:48] D2BS 6388: D2BS Shutdown complete.
[06/21/18 02:37:08] D2BS 11508: D2BS Engine startup complete. 1.5.1869
[06/21/18 02:37:08] D2BS 11508: Tweaxer
[06/21/18 02:37:09] D2BS 12400: D2BS Engine startup complete. 1.5.1869
[06/21/18 02:37:09] D2BS 12400: Tweaxie
[06/21/18 02:37:10] D2BS 3336: D2BS Engine startup complete. 1.5.1869
[06/21/18 02:37:10] D2BS 3336: Tweaxey
[06/21/18 02:37:11] D2BS 12464: D2BS Engine startup complete. 1.5.1869
[06/21/18 02:37:11] D2BS 12464: Tweaxe
[06/21/18 02:38:12] D2BS 4260: D2BS Engine startup complete. 1.5.1869
[06/21/18 02:38:12] D2BS 4260: Main Sorc
[06/21/18 02:40:18] D2BS 4260: D2BS Shutdown complete.
[06/21/18 02:40:27] D2BS 11408: D2BS Engine startup complete. 1.5.1869
[06/21/18 02:44:12] D2BS 11408: D2BS Shutdown complete.
[06/21/18 02:44:46] D2BS 11828: D2BS Engine startup complete. 1.5.1869
[06/21/18 02:44:46] D2BS 11828: Main Sorc
[06/21/18 02:46:07] D2BS 11828: D2BS Shutdown complete.
[06/21/18 02:52:48] D2BS 11156: D2BS Engine startup complete. 1.5.1869
[06/21/18 02:52:48] D2BS 11156: Main Sorc
[06/21/18 04:49:20] D2BS 11156: D2BS Shutdown complete.
[06/21/18 04:50:36] D2BS 13788: D2BS Engine startup complete. 1.5.1869
[06/21/18 04:54:00] D2BS 13788: D2BS Shutdown complete.
[06/21/18 04:54:00] D2BS 13552: D2BS Engine startup complete. 1.5.1869
[06/21/18 04:54:00] D2BS 13552: Main Sorc
[06/21/18 05:00:38] D2BS 13552: D2BS Shutdown complete.
[06/21/18 05:00:40] D2BS 11508: D2BS Shutdown complete.
[06/21/18 05:00:42] D2BS 12400: D2BS Shutdown complete.
[06/21/18 05:00:43] D2BS 3336: D2BS Shutdown complete.
[06/21/18 05:00:45] D2BS 12464: D2BS Shutdown complete.
[06/21/18 05:00:53] D2BS 6212: D2BS Engine startup complete. 1.5.1869
[06/21/18 05:01:52] D2BS 13744: D2BS Engine startup complete. 1.5.1869
[06/21/18 05:21:20] D2BS 13744: D2BS Shutdown complete.
[06/21/18 05:21:23] D2BS 6212: D2BS Shutdown complete.
[06/21/18 05:21:43] D2BS 13440: D2BS Engine startup complete. 1.5.1869
[06/21/18 05:21:43] D2BS 13440: Tweaxer
[06/21/18 05:21:44] D2BS 9380: D2BS Engine startup complete. 1.5.1869
[06/21/18 05:21:44] D2BS 9380: Tweaxie
[06/21/18 05:21:45] D2BS 7888: D2BS Engine startup complete. 1.5.1869
[06/21/18 05:21:45] D2BS 7888: Tweaxey
[06/21/18 05:21:46] D2BS 11972: D2BS Engine startup complete. 1.5.1869
[06/21/18 05:21:46] D2BS 11972: Tweaxe
[06/21/18 05:21:47] D2BS 4612: D2BS Engine startup complete. 1.5.1869
[06/21/18 05:21:47] D2BS 4612: Main Sorc
[06/21/18 05:35:05] D2BS 4612: D2BS Shutdown complete.
[06/21/18 05:35:07] D2BS 13440: D2BS Shutdown complete.
[06/21/18 05:35:09] D2BS 9380: D2BS Shutdown complete.
[06/21/18 05:35:11] D2BS 7888: D2BS Shutdown complete.
[06/21/18 05:35:12] D2BS 11972: D2BS Shutdown complete.
[06/21/18 05:35:35] D2BS 10276: D2BS Engine startup complete. 1.5.1869
[06/21/18 05:38:08] D2BS 14044: D2BS Engine startup complete. 1.5.1869
[06/21/18 05:38:08] D2BS 14044: Tweaxie
[06/21/18 05:38:21] D2BS 14044: D2BS Shutdown complete.
[06/21/18 05:38:49] D2BS 12976: D2BS Engine startup complete. 1.5.1869
[06/21/18 05:40:20] D2BS 12776: D2BS Engine startup complete. 1.5.1869
[06/21/18 05:52:33] D2BS 11328: D2BS Engine startup complete. 1.5.1869
[06/21/18 05:52:33] D2BS 11328: Tweaxey
[06/21/18 05:52:52] D2BS 13412: D2BS Engine startup complete. 1.5.1869
[06/21/18 05:52:52] D2BS 13412: Tweaxe
[06/21/18 05:54:55] D2BS 10812: D2BS Engine startup complete. 1.5.1869
[06/21/18 05:58:16] D2BS 13412: D2BS Shutdown complete.
[06/21/18 05:58:23] D2BS 14232: D2BS Engine startup complete. 1.5.1869
[06/21/18 06:04:41] D2BS 10812: D2BS Shutdown complete.
[06/21/18 06:07:44] D2BS 14232: D2BS Shutdown complete.
[06/21/18 06:07:48] D2BS 11328: D2BS Shutdown complete.
[06/21/18 06:07:51] D2BS 12976: D2BS Shutdown complete.
[06/21/18 06:09:44] D2BS 10276: D2BS Shutdown complete.
[06/21/18 06:10:03] D2BS 4608: D2BS Engine startup complete. 1.5.1869
[06/21/18 06:10:03] D2BS 4608: ISOHrs
[06/21/18 06:10:33] D2BS 1596: D2BS Engine startup complete. 1.5.1869
[06/21/18 06:19:02] D2BS 1596: D2BS Shutdown complete.
[06/21/18 06:19:04] D2BS 11556: D2BS Engine startup complete. 1.5.1869
[06/21/18 06:19:04] D2BS 11556: ISOUniques
[06/21/18 06:27:55] D2BS 11556: D2BS Shutdown complete.
[06/21/18 06:28:07] D2BS 12508: D2BS Engine startup complete. 1.5.1869
[06/21/18 06:38:04] D2BS 4592: D2BS Engine startup complete. 1.5.1869
[06/21/18 06:38:04] D2BS 4592: ISOHrs
[06/21/18 06:41:33] D2BS 4592: D2BS Shutdown complete.
[06/21/18 06:41:39] D2BS 11072: D2BS Engine startup complete. 1.5.1869
[06/21/18 06:45:13] D2BS 12508: D2BS Shutdown complete.
[06/21/18 06:45:14] D2BS 11072: D2BS Shutdown complete.
[06/21/18 06:46:05] D2BS 6912: D2BS Engine startup complete. 1.5.1869
[06/21/18 06:46:06] D2BS 8164: D2BS Engine startup complete. 1.5.1869
[06/21/18 06:46:31] D2BS 6912: D2BS Shutdown complete.
[06/21/18 06:46:33] D2BS 8164: D2BS Shutdown complete.
[06/21/18 06:47:54] D2BS 11096: D2BS Engine startup complete. 1.5.1869
[06/21/18 06:47:54] D2BS 11096: ISOHrs
[06/21/18 06:47:55] D2BS 12532: D2BS Engine startup complete. 1.5.1869
[06/21/18 06:47:55] D2BS 12532: ISOUniques
[06/21/18 07:08:44] D2BS 12624: D2BS Engine startup complete. 1.5.1869
[06/21/18 07:14:42] D2BS 12624: D2BS Shutdown complete.
[06/21/18 09:49:55] D2BS 12532: Crash File: BlizzardError/2018-06-21 09.49.55/Crash.txt

[06/21/18 09:49:55] D2BS 12532: D2BS Shutdown complete.
[06/21/18 09:49:56] D2BS 8928: D2BS Engine startup complete. 1.5.1869
[06/21/18 09:49:57] D2BS 8928: ISOUniques
[06/21/18 12:52:11] D2BS 8928: D2BS Shutdown complete.
[06/21/18 12:53:32] D2BS 6408: D2BS Engine startup complete. 1.5.1869
[06/21/18 13:01:11] D2BS 11096: D2BS Shutdown complete.
[06/21/18 13:01:20] D2BS 13868: D2BS Engine startup complete. 1.5.1869
[06/21/18 13:03:18] D2BS 11428: D2BS Engine startup complete. 1.5.1869
[06/21/18 13:05:16] D2BS 11428: D2BS Shutdown complete.
[06/21/18 13:07:41] D2BS 6408: D2BS Shutdown complete.
[06/21/18 13:07:46] D2BS 13868: D2BS Shutdown complete.
[06/21/18 13:07:48] D2BS 13632: D2BS Engine startup complete. 1.5.1869
[06/21/18 13:07:48] D2BS 13632: ISOUniques
[06/21/18 13:10:01] D2BS 1012: D2BS Engine startup complete. 1.5.1869
[06/21/18 13:15:03] D2BS 1012: D2BS Shutdown complete.
[06/21/18 13:16:23] D2BS 8204: D2BS Engine startup complete. 1.5.1869
[06/21/18 13:18:02] D2BS 12904: D2BS Engine startup complete. 1.5.1869
[06/21/18 13:21:31] D2BS 8204: D2BS Shutdown complete.
[06/21/18 13:21:37] D2BS 12512: D2BS Engine startup complete. 1.5.1869
[06/21/18 13:21:37] D2BS 12512: ISOHrs
[06/21/18 13:21:47] D2BS 12904: D2BS Shutdown complete.
[06/21/18 13:22:10] D2BS 12512: [Error] Code(0) File(c:\users\celee\desktop\kol\d2bs\kolbot\libs\common\config.js:95) Error: Config.init: Error in character config.
Line: (null)
[06/21/18 13:22:20] D2BS 12512: D2BS Shutdown complete.
[06/21/18 13:23:05] D2BS 2548: D2BS Engine startup complete. 1.5.1869
[06/21/18 13:23:05] D2BS 2548: ISOHrs
[06/21/18 14:17:35] D2BS 11292: D2BS Engine startup complete. 1.5.1869
[06/21/18 15:12:44] D2BS 11292: D2BS Shutdown complete.
[06/21/18 15:12:51] D2BS 7324: D2BS Engine startup complete. 1.5.1869
[06/21/18 15:12:51] D2BS 7324: ISOCharms
[06/21/18 15:14:10] D2BS 7324: D2BS Shutdown complete.
[06/21/18 15:15:44] D2BS 9432: D2BS Engine startup complete. 1.5.1869
[06/21/18 15:15:44] D2BS 9432: ISOCharms
[06/21/18 15:18:31] D2BS 11568: D2BS Engine startup complete. 1.5.1869
[06/21/18 15:19:03] D2BS 11568: D2BS Shutdown complete.
[06/21/18 15:19:10] D2BS 8092: D2BS Engine startup complete. 1.5.1869
[06/21/18 15:19:10] D2BS 8092: ISOCharms
[06/21/18 15:20:17] D2BS 8092: D2BS Shutdown complete.
[06/21/18 15:21:36] D2BS 6972: D2BS Engine startup complete. 1.5.1869
[06/21/18 15:21:36] D2BS 6972: ISOCharms
[06/21/18 15:22:22] D2BS 6972: D2BS Shutdown complete.
[06/21/18 15:24:47] D2BS 13336: D2BS Engine startup complete. 1.5.1869
[06/21/18 15:24:47] D2BS 13336: ISOCharms
[06/21/18 15:25:30] D2BS 13336: D2BS Shutdown complete.
[06/21/18 15:28:44] D2BS 13364: D2BS Engine startup complete. 1.5.1869
[06/21/18 15:28:44] D2BS 13364: ISOCharms
[06/21/18 15:29:58] D2BS 13364: D2BS Shutdown complete.
[06/21/18 15:31:29] D2BS 12744: D2BS Engine startup complete. 1.5.1869
[06/21/18 15:34:46] D2BS 12744: D2BS Shutdown complete.
[06/21/18 15:35:16] D2BS 11964: D2BS Engine startup complete. 1.5.1869
[06/21/18 15:35:16] D2BS 11964: ISOCharms
[06/21/18 15:36:06] D2BS 11964: D2BS Shutdown complete.
[06/21/18 15:40:14] D2BS 9012: D2BS Engine startup complete. 1.5.1869
[06/21/18 15:40:14] D2BS 9012: ISOCharms
[06/21/18 15:41:01] D2BS 9012: D2BS Shutdown complete.
[06/21/18 15:45:38] D2BS 2548: D2BS Shutdown complete.
[06/21/18 15:45:40] D2BS 13632: D2BS Shutdown complete.
[06/21/18 15:46:00] D2BS 13784: D2BS Engine startup complete. 1.5.1869
[06/21/18 15:46:00] D2BS 13784: ISOHrs
[06/21/18 15:46:01] D2BS 6940: D2BS Engine startup complete. 1.5.1869
[06/21/18 15:46:01] D2BS 6940: ISOUniques
[06/21/18 15:46:04] D2BS 13256: D2BS Engine startup complete. 1.5.1869
[06/21/18 15:46:04] D2BS 13256: ISOCharms
[06/21/18 15:47:47] D2BS 13256: D2BS Shutdown complete.
[06/21/18 15:53:18] D2BS 11016: D2BS Engine startup complete. 1.5.1869
[06/21/18 15:53:18] D2BS 11016: ISOCharms
[06/21/18 15:54:36] D2BS 11016: D2BS Shutdown complete.
[06/21/18 15:56:02] D2BS 11392: D2BS Engine startup complete. 1.5.1869
[06/21/18 15:56:02] D2BS 11392: ISOCharms
[06/21/18 15:57:22] D2BS 11392: D2BS Shutdown complete.
[06/21/18 15:57:24] D2BS 11344: D2BS Engine startup complete. 1.5.1869
[06/21/18 15:57:24] D2BS 11344: ISOCharms
[06/21/18 16:01:47] D2BS 11344: D2BS Shutdown complete.
[06/21/18 16:16:47] D2BS 6344: D2BS Engine startup complete. 1.5.1869
[06/21/18 16:16:47] D2BS 6344: ISOCharms
[06/21/18 16:17:33] D2BS 6344: D2BS Shutdown complete.
[06/21/18 16:21:07] D2BS 3984: D2BS Engine startup complete. 1.5.1869
[06/21/18 16:21:07] D2BS 3984: ISOCharms
[06/21/18 16:21:49] D2BS 3984: D2BS Shutdown complete.
[06/21/18 16:26:19] D2BS 10344: D2BS Engine startup complete. 1.5.1869
[06/21/18 16:26:19] D2BS 10344: ISOCharms
[06/21/18 16:29:34] D2BS 12964: D2BS Engine startup complete. 1.5.1869
[06/21/18 16:29:34] D2BS 12964: ISOCharms
[06/21/18 16:33:31] D2BS 256: D2BS Engine startup complete. 1.5.1869
[06/21/18 16:43:55] D2BS 12964: D2BS Shutdown complete.
[06/21/18 16:44:29] D2BS 8460: D2BS Engine startup complete. 1.5.1869
[06/21/18 16:44:29] D2BS 8460: ISOUniques
[06/21/18 16:59:05] D2BS 256: D2BS Shutdown complete.
[06/21/18 17:00:41] D2BS 13784: D2BS Shutdown complete.
[06/21/18 17:00:54] D2BS 11644: D2BS Engine startup complete. 1.5.1869
[06/21/18 17:01:19] D2BS 11644: D2BS Shutdown complete.
[06/21/18 17:06:38] D2BS 8460: D2BS Shutdown complete.
[06/21/18 17:07:07] D2BS 6284: D2BS Engine startup complete. 1.5.1869
[06/21/18 17:19:32] D2BS 1008: D2BS Engine startup complete. 1.5.1869
[06/21/18 17:22:26] D2BS 1008: D2BS Shutdown complete.
[06/21/18 17:22:28] D2BS 6284: D2BS Shutdown complete.
[06/21/18 17:22:35] D2BS 12388: D2BS Engine startup complete. 1.5.1869
[06/21/18 17:22:35] D2BS 12388: ISOHrs
[06/21/18 17:22:41] D2BS 6540: D2BS Engine startup complete. 1.5.1869
[06/21/18 17:22:41] D2BS 6540: ISOUniques
[06/21/18 17:22:46] D2BS 9232: D2BS Engine startup complete. 1.5.1869
[06/21/18 17:23:28] D2BS 9232: D2BS Shutdown complete.
[06/21/18 17:23:30] D2BS 12728: D2BS Engine startup complete. 1.5.1869
[06/21/18 17:23:30] D2BS 12728: ISOCharms
[06/21/18 17:30:11] D2BS 2368: D2BS Engine startup complete. 1.5.1869
[06/21/18 17:30:26] D2BS 2368: D2BS Shutdown complete.
[06/21/18 17:34:08] D2BS 11864: D2BS Engine startup complete. 1.5.1869
[06/21/18 17:55:39] D2BS 13084: D2BS Engine startup complete. 1.5.1869
[06/21/18 17:56:26] D2BS 13084: D2BS Shutdown complete.
[06/21/18 18:02:58] D2BS 12388: D2BS Shutdown complete.
[06/21/18 18:04:59] D2BS 13056: D2BS Engine startup complete. 1.5.1869
[06/21/18 18:04:59] D2BS 13056: ISOHrs
[06/21/18 18:06:52] D2BS 13056: D2BS Shutdown complete.
[06/21/18 18:11:06] D2BS 7508: D2BS Engine startup complete. 1.5.1869
[06/21/18 18:11:06] D2BS 7508: ISOHrs
[06/21/18 18:15:21] D2BS 7508: D2BS Shutdown complete.
[06/21/18 18:16:00] D2BS 12444: D2BS Engine startup complete. 1.5.1869
[06/21/18 18:18:53] D2BS 12444: D2BS Shutdown complete.
[06/21/18 18:18:56] D2BS 12336: D2BS Engine startup complete. 1.5.1869
[06/21/18 18:19:55] D2BS 12336: D2BS Shutdown complete.
[06/21/18 18:19:55] D2BS 404: D2BS Engine startup complete. 1.5.1869
[06/21/18 18:19:55] D2BS 404: ISOHrs
[06/21/18 20:03:56] D2BS 8236: D2BS Engine startup complete. 1.5.1869
[06/21/18 20:03:56] D2BS 8236: ISOUniques
[06/21/18 20:09:23] D2BS 8236: D2BS Shutdown complete.
[06/21/18 20:09:25] D2BS 12728: D2BS Shutdown complete.
[06/21/18 20:09:27] D2BS 404: D2BS Shutdown complete.
[06/21/18 20:11:24] D2BS 11864: D2BS Shutdown complete.
[06/21/18 20:19:41] D2BS 4560: D2BS Engine startup complete. 1.5.1869
[06/21/18 20:19:41] D2BS 4584: D2BS Engine startup complete. 1.5.1869
[06/21/18 20:19:41] D2BS 8832: D2BS Engine startup complete. 1.5.1869
[06/21/18 20:19:41] D2BS 4560: ISOUniques
[06/21/18 20:19:41] D2BS 8832: ISOCharms
[06/21/18 20:19:41] D2BS 4584: ISOHrs
[06/21/18 20:25:39] D2BS 4560: D2BS Shutdown complete.
[06/21/18 20:25:41] D2BS 8832: D2BS Shutdown complete.
[06/21/18 21:12:27] D2BS 8228: D2BS Engine startup complete. 1.5.1869
[06/21/18 21:12:27] D2BS 7824: D2BS Engine startup complete. 1.5.1869
[06/21/18 21:12:27] D2BS 8228: ISOHrs
[06/21/18 21:12:27] D2BS 6632: ISOCharms
[06/21/18 21:12:27] D2BS 7824: ISOUniques
[06/21/18 21:49:27] D2BS 4504: D2BS Engine startup complete. 1.5.1869
[06/21/18 21:49:27] D2BS 4504: ISOCharms
[06/21/18 22:56:13] D2BS 8412: D2BS Engine startup complete. 1.5.1869
[06/21/18 22:56:13] D2BS 8412: ISOUniques
[06/21/18 23:15:00] D2BS 8692: D2BS Engine startup complete. 1.5.1869
[06/21/18 23:43:35] D2BS 8692: D2BS Shutdown complete.
[06/21/18 23:49:53] D2BS 8412: D2BS Shutdown complete.
[06/21/18 23:49:55] D2BS 4504: D2BS Shutdown complete.
[06/21/18 23:51:57] D2BS 8228: D2BS Shutdown complete.
[06/21/18 23:52:00] D2BS 7508: D2BS Engine startup complete. 1.5.1869
[06/22/18 00:24:30] D2BS 7508: D2BS Shutdown complete.
[06/22/18 00:24:32] D2BS 7332: D2BS Engine startup complete. 1.5.1869
[06/22/18 00:28:22] D2BS 7332: D2BS Shutdown complete.
[06/22/18 00:46:43] D2BS 8100: D2BS Engine startup complete. 1.5.1869
[06/22/18 01:01:02] D2BS 8100: D2BS Shutdown complete.
[06/22/18 01:05:50] D2BS 5220: D2BS Engine startup complete. 1.5.1869
[06/22/18 01:05:50] D2BS 5220: ISOHrs
[06/22/18 01:06:25] D2BS 7896: D2BS Engine startup complete. 1.5.1869
[06/22/18 01:06:25] D2BS 7896: ISOUniques
[06/22/18 01:08:07] D2BS 4652: D2BS Engine startup complete. 1.5.1869
[06/22/18 01:08:07] D2BS 4652: ISOCharms
[06/22/18 05:35:37] D2BS 5220: Crash File: BlizzardError/2018-06-22 05.35.37/Crash.txt

[06/22/18 05:35:37] D2BS 5220: D2BS Shutdown complete.
[06/22/18 05:35:38] D2BS 5880: D2BS Engine startup complete. 1.5.1869
[06/22/18 05:35:38] D2BS 5880: ISOHrs
[06/22/18 05:50:49] D2BS 10128: D2BS Engine startup complete. 1.5.1869
[06/22/18 05:50:49] D2BS 10128: ISOHrs
[06/22/18 06:23:18] D2BS 7144: D2BS Engine startup complete. 1.5.1869
[06/22/18 06:24:19] D2BS 7144: D2BS Shutdown complete.
[06/22/18 06:24:21] D2BS 6060: D2BS Engine startup complete. 1.5.1869
[06/22/18 10:35:41] D2BS 2352: D2BS Engine startup complete. 1.5.1869
[06/22/18 10:35:44] D2BS 6060: D2BS Shutdown complete.
[06/22/18 10:38:57] D2BS 2352: D2BS Shutdown complete.
[06/22/18 10:38:58] D2BS 3132: D2BS Engine startup complete. 1.5.1869
[06/22/18 11:05:23] D2BS 9284: D2BS Engine startup complete. 1.5.1869
[06/22/18 11:05:27] D2BS 3132: D2BS Shutdown complete.
[06/22/18 11:06:10] D2BS 9284: D2BS Shutdown complete.
[06/22/18 11:06:11] D2BS 6536: D2BS Engine startup complete. 1.5.1869
[06/22/18 11:11:33] D2BS 8936: D2BS Engine startup complete. 1.5.1869
[06/22/18 12:15:40] D2BS 4652: D2BS Shutdown complete.
[06/22/18 13:05:05] D2BS 8256: Crash File: 

[06/22/18 13:05:09] D2BS 7472: EXCEPTION!
*** 0xc0000005 at 0x004f59a0 (?CurGateway@BNGatewayAccess@@QAGHXZ in Unknown line 0)
D2BS loaded at: 0x03160000
Registers:
	EIP: 0x004f59a0, ESP: 0x0370ff58
	CS: 0x0023, DS: 0x002b, ES: 0x002b, SS: 0x002b, FS: 0x0053, GS: 0x002b
	EAX: 0x03200000, EBX: 0x7471ad40, ECX: 0x00000000, EDX: 0x00000000, ESI: 0x03163c10, EDI: 0x7470efe0, EBP: 0x0370ff6c, FLG: 0x00010297
Stack Trace:
	?CurGateway@BNGatewayAccess@@QAGHXZ+0x00429e80
	D2Thread+0x00003c10, File: (null) line 12842600
	BaseThreadInitThunk+0x74318460
	RtlValidSecurityDescriptor+0x776f2ed0
	RtlValidSecurityDescriptor+0x776f2ed0

End of stack trace.
D2Client.DLL loaded at: 0x00000000.
D2Common.DLL loaded at: 0x00000000.
D2Gfx.DLL loaded at: 0x00000000.
D2Lang.DLL loaded at: 0x00000000.
D2Win.DLL loaded at: 0x00000000.
D2Net.DLL loaded at: 0x00000000.
D2Game.DLL loaded at: 0x00000000.
D2Launch.DLL loaded at: 0x00000000.
Fog.DLL loaded at: 0x00000000.
BNClient.DLL loaded at: 0x00000000.
Storm.DLL loaded at: 0x00000000.
D2Cmp.DLL loaded at: 0x00000000.
D2Multi.DLL loaded at: 0x00000000.
[06/22/18 13:05:10] D2BS 8436: EXCEPTION!
*** 0xc0000005 at 0x004f59a0 (?CurGateway@BNGatewayAccess@@QAGHXZ in Unknown line 0)
D2BS loaded at: 0x03280000
Registers:
	EIP: 0x004f59a0, ESP: 0x0382ff58
	CS: 0x0023, DS: 0x002b, ES: 0x002b, SS: 0x002b, FS: 0x0053, GS: 0x002b
	EAX: 0x03200000, EBX: 0x7471ad40, ECX: 0x00000000, EDX: 0x00000000, ESI: 0x03283c10, EDI: 0x7470efe0, EBP: 0x0382ff6c, FLG: 0x00010297
Stack Trace:
	?CurGateway@BNGatewayAccess@@QAGHXZ+0x00429e80
	D2Thread+0x00003c10, File: (null) line 13234072
	BaseThreadInitThunk+0x74318460
	RtlValidSecurityDescriptor+0x776f2ed0
	RtlValidSecurityDescriptor+0x776f2ed0

End of stack trace.
D2Client.DLL loaded at: 0x00000000.
D2Common.DLL loaded at: 0x00000000.
D2Gfx.DLL loaded at: 0x00000000.
D2Lang.DLL loaded at: 0x00000000.
D2Win.DLL loaded at: 0x00000000.
D2Net.DLL loaded at: 0x00000000.
D2Game.DLL loaded at: 0x00000000.
D2Launch.DLL loaded at: 0x00000000.
Fog.DLL loaded at: 0x00000000.
BNClient.DLL loaded at: 0x00000000.
Storm.DLL loaded at: 0x00000000.
D2Cmp.DLL loaded at: 0x00000000.
D2Multi.DLL loaded at: 0x00000000.
[06/22/18 13:05:11] D2BS 8092: EXCEPTION!
*** 0xc0000005 at 0x004f59a0 (?CurGateway@BNGatewayAccess@@QAGHXZ in Unknown line 0)
D2BS loaded at: 0x030c0000
Registers:
	EIP: 0x004f59a0, ESP: 0x036dff58
	CS: 0x0023, DS: 0x002b, ES: 0x002b, SS: 0x002b, FS: 0x0053, GS: 0x002b
	EAX: 0x03200000, EBX: 0x7471ad40, ECX: 0x00000000, EDX: 0x00000000, ESI: 0x030c3c10, EDI: 0x7470efe0, EBP: 0x036dff6c, FLG: 0x00010297
Stack Trace:
	?CurGateway@BNGatewayAccess@@QAGHXZ+0x00429e80
	D2Thread+0x00003c10, File: (null) line 14227184
	BaseThreadInitThunk+0x74318460
	RtlValidSecurityDescriptor+0x776f2ed0
	RtlValidSecurityDescriptor+0x776f2ed0

End of stack trace.
D2Client.DLL loaded at: 0x00000000.
D2Common.DLL loaded at: 0x00000000.
D2Gfx.DLL loaded at: 0x00000000.
D2Lang.DLL loaded at: 0x00000000.
D2Win.DLL loaded at: 0x00000000.
D2Net.DLL loaded at: 0x00000000.
D2Game.DLL loaded at: 0x00000000.
D2Launch.DLL loaded at: 0x00000000.
Fog.DLL loaded at: 0x00000000.
BNClient.DLL loaded at: 0x00000000.
Storm.DLL loaded at: 0x00000000.
D2Cmp.DLL loaded at: 0x00000000.
D2Multi.DLL loaded at: 0x00000000.
[06/22/18 13:05:12] D2BS 8944: EXCEPTION!
*** 0xc0000005 at 0x004f59a0 (?CurGateway@BNGatewayAccess@@QAGHXZ in Unknown line 0)
D2BS loaded at: 0x03350000
Registers:
	EIP: 0x004f59a0, ESP: 0x038fff58
	CS: 0x0023, DS: 0x002b, ES: 0x002b, SS: 0x002b, FS: 0x0053, GS: 0x002b
	EAX: 0x03200000, EBX: 0x7471ad40, ECX: 0x00000000, EDX: 0x00000000, ESI: 0x03353c10, EDI: 0x7470efe0, EBP: 0x038fff6c, FLG: 0x00010297
Stack Trace:
	?CurGateway@BNGatewayAccess@@QAGHXZ+0x00429e80
	D2Thread+0x00003c10, File: (null) line 14149768
	BaseThreadInitThunk+0x74318460
	RtlValidSecurityDescriptor+0x776f2ed0
	RtlValidSecurityDescriptor+0x776f2ed0

End of stack trace.
D2Client.DLL loaded at: 0x00000000.
D2Common.DLL loaded at: 0x00000000.
D2Gfx.DLL loaded at: 0x00000000.
D2Lang.DLL loaded at: 0x00000000.
D2Win.DLL loaded at: 0x00000000.
D2Net.DLL loaded at: 0x00000000.
D2Game.DLL loaded at: 0x00000000.
D2Launch.DLL loaded at: 0x00000000.
Fog.DLL loaded at: 0x00000000.
BNClient.DLL loaded at: 0x00000000.
Storm.DLL loaded at: 0x00000000.
D2Cmp.DLL loaded at: 0x00000000.
D2Multi.DLL loaded at: 0x00000000.
[06/22/18 13:05:13] D2BS 1636: EXCEPTION!
*** 0xc0000005 at 0x004f59a0 (?CurGateway@BNGatewayAccess@@QAGHXZ in Unknown line 0)
D2BS loaded at: 0x03250000
Registers:
	EIP: 0x004f59a0, ESP: 0x02e4ff58
	CS: 0x0023, DS: 0x002b, ES: 0x002b, SS: 0x002b, FS: 0x0053, GS: 0x002b
	EAX: 0x03200000, EBX: 0x7471ad40, ECX: 0x00000000, EDX: 0x00000000, ESI: 0x03253c10, EDI: 0x7470efe0, EBP: 0x02e4ff6c, FLG: 0x00010297
Stack Trace:
	?CurGateway@BNGatewayAccess@@QAGHXZ+0x00429e80
	D2Thread+0x00003c10, File: (null) line 12195400
	BaseThreadInitThunk+0x74318460
	RtlValidSecurityDescriptor+0x776f2ed0
	RtlValidSecurityDescriptor+0x776f2ed0

End of stack trace.
D2Client.DLL loaded at: 0x00000000.
D2Common.DLL loaded at: 0x00000000.
D2Gfx.DLL loaded at: 0x00000000.
D2Lang.DLL loaded at: 0x00000000.
D2Win.DLL loaded at: 0x00000000.
D2Net.DLL loaded at: 0x00000000.
D2Game.DLL loaded at: 0x00000000.
D2Launch.DLL loaded at: 0x00000000.
Fog.DLL loaded at: 0x00000000.
BNClient.DLL loaded at: 0x00000000.
Storm.DLL loaded at: 0x00000000.
D2Cmp.DLL loaded at: 0x00000000.
D2Multi.DLL loaded at: 0x00000000.
[06/22/18 13:07:34] D2BS 9204: D2BS Engine startup complete. 1.5.1869
[06/22/18 13:07:35] D2BS 9204: ISOHrs
[06/22/18 13:07:56] D2BS 2412: D2BS Engine startup complete. 1.5.1869
[06/22/18 13:07:56] D2BS 2412: ISOUniques
[06/22/18 13:08:14] D2BS 9736: D2BS Engine startup complete. 1.5.1869
[06/22/18 13:08:14] D2BS 9736: ISOCharms
[06/22/18 14:15:18] D2BS 9336: D2BS Engine startup complete. 1.5.1869
[06/22/18 14:15:18] D2BS 9336: ISOCharms
[06/22/18 16:40:53] D2BS 5200: D2BS Engine startup complete. 1.5.1869
[06/22/18 16:40:53] D2BS 5200: ISOHrs
[06/22/18 17:27:42] D2BS 368: D2BS Engine startup complete. 1.5.1869
[06/22/18 17:31:35] D2BS 368: [Warning] Code(206) File(c:\users\nerd\desktop\kol\d2bs\kolbot\libs\common\pickit.js:312) Game not ready
Line: (null)
[06/22/18 17:31:36] D2BS 368: D2BS Shutdown complete.
[06/22/18 17:31:37] D2BS 9488: D2BS Engine startup complete. 1.5.1869
[06/22/18 17:42:42] D2BS 9484: D2BS Engine startup complete. 1.5.1869
[06/22/18 17:42:45] D2BS 9488: D2BS Shutdown complete.
[06/22/18 17:43:43] D2BS 9484: D2BS Shutdown complete.
[06/22/18 17:43:44] D2BS 9928: D2BS Engine startup complete. 1.5.1869
[06/22/18 18:08:05] D2BS 9928: D2BS Shutdown complete.
[06/22/18 19:39:29] D2BS 356: D2BS Engine startup complete. 1.5.1869
[06/22/18 19:39:29] D2BS 356: ISOHrs
[06/22/18 20:45:17] D2BS 1068: D2BS Engine startup complete. 1.5.1869
[06/22/18 20:45:17] D2BS 1068: ISOCharms
[06/22/18 22:24:57] D2BS 3432: D2BS Engine startup complete. 1.5.1869
[06/22/18 22:24:57] D2BS 3432: ISOHrs
[06/23/18 02:07:07] D2BS 9744: D2BS Engine startup complete. 1.5.1869
[06/23/18 02:07:07] D2BS 9744: ISOCharms
[06/23/18 02:47:41] D2BS 9744: D2BS Shutdown complete.
[06/23/18 02:47:49] D2BS 5144: D2BS Engine startup complete. 1.5.1869
[06/23/18 02:47:49] D2BS 5144: ISOCharms
[06/23/18 03:04:35] D2BS 3176: D2BS Engine startup complete. 1.5.1869
[06/23/18 03:04:35] D2BS 3176: ISOHrs
[06/23/18 03:31:52] D2BS 3176: D2BS Shutdown complete.
[06/23/18 03:31:55] D2BS 2412: D2BS Shutdown complete.
[06/23/18 03:31:57] D2BS 5144: D2BS Shutdown complete.
[06/23/18 03:32:21] D2BS 2696: D2BS Engine startup complete. 1.5.1869
[06/23/18 03:32:21] D2BS 2696: ISOHrs
[06/23/18 03:40:04] D2BS 9008: D2BS Engine startup complete. 1.5.1869
[06/23/18 03:57:16] D2BS 2696: D2BS Shutdown complete.
[06/23/18 03:57:26] D2BS 3428: D2BS Engine startup complete. 1.5.1869
[06/23/18 04:13:42] D2BS 3428: D2BS Shutdown complete.
[06/23/18 04:13:54] D2BS 2380: D2BS Engine startup complete. 1.5.1869
[06/23/18 04:14:15] D2BS 2380: D2BS Shutdown complete.
[06/23/18 04:14:23] D2BS 4732: D2BS Engine startup complete. 1.5.1869
[06/23/18 04:14:23] D2BS 4732: ISOHrs
[06/23/18 04:25:46] D2BS 4732: D2BS Shutdown complete.
[06/23/18 04:25:49] D2BS 9780: D2BS Engine startup complete. 1.5.1869
[06/23/18 04:25:49] D2BS 9780: ISOHrs
[06/23/18 04:29:01] D2BS 9008: D2BS Shutdown complete.
[06/23/18 04:30:33] D2BS 3552: D2BS Engine startup complete. 1.5.1869
[06/23/18 04:30:52] D2BS 3552: D2BS Shutdown complete.
[06/23/18 04:44:11] D2BS 4668: D2BS Engine startup complete. 1.5.1869
[06/23/18 04:44:11] D2BS 4668: ISOHrs
[06/23/18 04:57:58] D2BS 4668: D2BS Shutdown complete.
[06/23/18 04:58:47] D2BS 8300: D2BS Engine startup complete. 1.5.1869
[06/23/18 05:00:34] D2BS 4836: D2BS Engine startup complete. 1.5.1869
[06/23/18 05:48:02] D2BS 8300: D2BS Shutdown complete.
[06/23/18 05:48:05] D2BS 4836: D2BS Shutdown complete.
[06/23/18 05:48:09] D2BS 600: D2BS Engine startup complete. 1.5.1869
[06/23/18 05:48:09] D2BS 600: ISOExperience
[06/23/18 05:49:04] D2BS 600: D2BS Shutdown complete.
[06/23/18 05:50:18] D2BS 9588: D2BS Engine startup complete. 1.5.1869
[06/23/18 05:50:18] D2BS 9588: ISOExperience
[06/23/18 05:53:36] D2BS 2968: D2BS Engine startup complete. 1.5.1869
[06/23/18 05:53:36] D2BS 2968: ISOExperience
[06/23/18 05:54:47] D2BS 2968: D2BS Shutdown complete.
[06/23/18 05:54:55] D2BS 3268: D2BS Engine startup complete. 1.5.1869
[06/23/18 05:54:55] D2BS 3268: ISOExperience
[06/23/18 05:56:08] D2BS 3268: D2BS Shutdown complete.
[06/23/18 05:56:15] D2BS 2620: D2BS Engine startup complete. 1.5.1869
[06/23/18 05:56:15] D2BS 2620: ISOExperience
[06/23/18 06:13:06] D2BS 2620: D2BS Shutdown complete.
[06/23/18 06:31:03] D2BS 2260: D2BS Engine startup complete. 1.5.1869
[06/23/18 06:31:03] D2BS 2260: ISOExperience
[06/23/18 06:55:24] D2BS 2260: D2BS Shutdown complete.
[06/23/18 07:16:18] D2BS 6532: D2BS Engine startup complete. 1.5.1869
[06/23/18 07:16:18] D2BS 6532: ISOHrs
[06/23/18 07:16:41] D2BS 6844: D2BS Engine startup complete. 1.5.1869
[06/23/18 07:16:41] D2BS 6844: ISOUniques
[06/23/18 07:17:27] D2BS 4160: D2BS Engine startup complete. 1.5.1869
[06/23/18 07:17:27] D2BS 4160: ISOCharms
[06/23/18 07:18:59] D2BS 3952: D2BS Engine startup complete. 1.5.1869
[06/23/18 07:18:59] D2BS 3952: ISOExperience
[06/23/18 07:25:53] D2BS 3952: D2BS Shutdown complete.
[06/23/18 07:31:58] D2BS 3244: D2BS Engine startup complete. 1.5.1869
[06/23/18 07:31:58] D2BS 3244: ISOExperience
[06/23/18 07:44:42] D2BS 3832: D2BS Engine startup complete. 1.5.1869
[06/23/18 07:44:42] D2BS 3832: ISOUniques
[06/23/18 08:02:19] D2BS 7384: D2BS Engine startup complete. 1.5.1869
[06/23/18 08:02:19] D2BS 7384: ISOExperience
[06/23/18 11:04:16] D2BS 1464: D2BS Engine startup complete. 1.5.1869
[06/23/18 11:04:16] D2BS 1464: ISOCharms
[06/23/18 11:18:38] D2BS 3832: Crash File: BlizzardError/2018-06-23 11.18.38/Crash.txt

[06/23/18 11:18:38] D2BS 3832: D2BS Shutdown complete.
[06/23/18 11:18:38] D2BS 9884: D2BS Engine startup complete. 1.5.1869
[06/23/18 11:18:38] D2BS 9884: ISOUniques
[06/23/18 13:31:02] D2BS 8900: D2BS Engine startup complete. 1.5.1869
[06/23/18 13:31:02] D2BS 8900: ISOUniques
[06/23/18 16:21:20] D2BS 1036: D2BS Engine startup complete. 1.5.1869
[06/23/18 16:21:20] D2BS 1036: ISOUniques
[06/23/18 17:33:05] D2BS 5936: D2BS Engine startup complete. 1.5.1869
[06/23/18 17:33:05] D2BS 5936: ISOCharms
[06/23/18 18:11:27] D2BS 10684: D2BS Engine startup complete. 1.5.1869
[06/23/18 18:12:29] D2BS 10684: D2BS Shutdown complete.
[06/23/18 18:18:27] D2BS 6532: Crash File: BlizzardError/2018-06-23 18.18.27/Crash.txt

[06/23/18 18:18:27] D2BS 6532: D2BS Shutdown complete.
[06/23/18 18:18:27] D2BS 10888: D2BS Engine startup complete. 1.5.1869
[06/23/18 18:18:27] D2BS 10888: ISOHrs
[06/23/18 18:19:46] D2BS 9676: D2BS Engine startup complete. 1.5.1869
[06/23/18 18:20:45] D2BS 9676: D2BS Shutdown complete.
[06/23/18 18:45:03] D2BS 9404: D2BS Engine startup complete. 1.5.1869
[06/23/18 18:45:03] D2BS 9404: ISOUniques
[06/23/18 21:40:27] D2BS 3016: D2BS Engine startup complete. 1.5.1869
[06/23/18 21:43:43] D2BS 3016: [Warning] Code(206) File(c:\users\nerd\desktop\kol\d2bs\kolbot\libs\common\pickit.js:312) Game not ready
Line: (null)
[06/23/18 21:43:43] D2BS 3016: D2BS Shutdown complete.
[06/23/18 21:55:01] D2BS 4756: D2BS Engine startup complete. 1.5.1869
[06/23/18 21:56:33] D2BS 4756: D2BS Shutdown complete.
[06/23/18 22:53:41] D2BS 10888: D2BS Shutdown complete.
[06/23/18 22:54:14] D2BS 196: D2BS Engine startup complete. 1.5.1869
[06/23/18 22:54:14] D2BS 196: ISOCharms
[06/24/18 00:03:59] D2BS 1820: D2BS Engine startup complete. 1.5.1869
[06/24/18 00:03:59] D2BS 1820: ISOExperience
[06/24/18 01:14:47] D2BS 1264: D2BS Engine startup complete. 1.5.1869
[06/24/18 01:14:47] D2BS 1264: ISOHrs
[06/24/18 01:15:30] D2BS 7876: D2BS Engine startup complete. 1.5.1869
[06/24/18 01:15:30] D2BS 7876: ISOUniques
[06/24/18 04:46:19] D2BS 11020: D2BS Engine startup complete. 1.5.1869
[06/24/18 04:46:19] D2BS 11020: ISOCharms
[06/24/18 05:04:15] D2BS 11132: D2BS Engine startup complete. 1.5.1869
[06/24/18 05:04:15] D2BS 11132: ISOUniques
[06/24/18 06:37:37] D2BS 2572: D2BS Engine startup complete. 1.5.1869
[06/24/18 06:38:30] D2BS 2572: D2BS Shutdown complete.
[06/24/18 07:05:29] D2BS 5424: D2BS Engine startup complete. 1.5.1869
[06/24/18 07:06:18] D2BS 5424: D2BS Shutdown complete.
[06/24/18 07:18:31] D2BS 4768: D2BS Engine startup complete. 1.5.1869
[06/24/18 07:19:30] D2BS 4768: D2BS Shutdown complete.
[06/24/18 08:14:49] D2BS 11020: Crash File: BlizzardError/2018-06-24 08.14.49/Crash.txt

[06/24/18 08:14:49] D2BS 11020: D2BS Shutdown complete.
[06/24/18 08:14:50] D2BS 2552: D2BS Engine startup complete. 1.5.1869
[06/24/18 08:14:50] D2BS 2552: ISOCharms
[06/24/18 10:11:33] D2BS 2552: Crash File: BlizzardError/2018-06-24 10.11.33/Crash.txt

[06/24/18 10:11:33] D2BS 2552: D2BS Shutdown complete.
[06/24/18 10:11:34] D2BS 4360: D2BS Engine startup complete. 1.5.1869
[06/24/18 10:11:34] D2BS 4360: ISOCharms
[06/24/18 10:45:51] D2BS 8572: D2BS Engine startup complete. 1.5.1869
[06/24/18 10:45:51] D2BS 8572: ISOUniques
[06/24/18 11:20:55] D2BS 3104: D2BS Engine startup complete. 1.5.1869
[06/24/18 11:20:55] D2BS 3104: ISOUniques
[06/24/18 12:10:10] D2BS 7880: D2BS Engine startup complete. 1.5.1869
[06/24/18 12:12:50] D2BS 7880: D2BS Shutdown complete.
[06/24/18 12:25:04] D2BS 2700: D2BS Engine startup complete. 1.5.1869
[06/24/18 12:25:48] D2BS 2700: D2BS Shutdown complete.
[06/24/18 12:29:52] D2BS 7180: D2BS Engine startup complete. 1.5.1869
[06/24/18 12:30:26] D2BS 7180: D2BS Shutdown complete.
[06/24/18 12:34:40] D2BS 10372: D2BS Engine startup complete. 1.5.1869
[06/24/18 12:35:16] D2BS 10372: D2BS Shutdown complete.
[06/24/18 13:47:25] D2BS 1264: D2BS Shutdown complete.
[06/24/18 14:40:15] D2BS 2868: D2BS Engine startup complete. 1.5.1869
[06/24/18 14:40:16] D2BS 2868: ISOHrs
[06/24/18 14:40:21] D2BS 11084: D2BS Engine startup complete. 1.5.1869
[06/24/18 14:40:21] D2BS 11084: ISOUniques
[06/24/18 14:40:27] D2BS 3176: D2BS Engine startup complete. 1.5.1869
[06/24/18 14:40:27] D2BS 3176: ISOCharms
[06/24/18 14:40:32] D2BS 5492: D2BS Engine startup complete. 1.5.1869
[06/24/18 14:40:32] D2BS 5492: ISOExperience
[06/24/18 17:28:35] D2BS 4344: D2BS Engine startup complete. 1.5.1869
[06/24/18 17:28:35] D2BS 4344: ISOUniques
[06/24/18 18:23:52] D2BS 5492: Crash File: BlizzardError/2018-06-24 18.23.52/Crash.txt

[06/24/18 18:23:52] D2BS 5492: D2BS Shutdown complete.
[06/24/18 18:23:53] D2BS 4820: D2BS Engine startup complete. 1.5.1869
[06/24/18 18:23:54] D2BS 4820: ISOExperience
[06/24/18 19:24:51] D2BS 4792: D2BS Engine startup complete. 1.5.1869
[06/24/18 19:24:51] D2BS 4792: ISOCharms
[06/24/18 20:09:42] D2BS 2868: D2BS Shutdown complete.
[06/24/18 20:35:01] D2BS 10576: D2BS Engine startup complete. 1.5.1869
[06/24/18 20:35:01] D2BS 10576: ISOExperience
[06/24/18 23:44:20] D2BS 11004: D2BS Engine startup complete. 1.5.1869
[06/24/18 23:44:20] D2BS 11004: ISOUniques
[06/25/18 00:21:45] D2BS 9288: D2BS Engine startup complete. 1.5.1869
[06/25/18 00:21:45] D2BS 9288: ISOCharms
[06/25/18 01:06:42] D2BS 4736: D2BS Engine startup complete. 1.5.1869
[06/25/18 01:07:31] D2BS 4736: D2BS Shutdown complete.
[06/25/18 11:06:09] D2BS 2752: D2BS Engine startup complete. 1.5.1869
[06/25/18 11:06:09] D2BS 2752: ISOHrs
[06/25/18 11:08:34] D2BS 4732: D2BS Engine startup complete. 1.5.1869
[06/25/18 11:09:12] D2BS 4732: D2BS Shutdown complete.
[06/25/18 11:22:36] D2BS 10896: D2BS Engine startup complete. 1.5.1869
[06/25/18 11:23:38] D2BS 10896: D2BS Shutdown complete.
[06/25/18 11:31:54] D2BS 10480: D2BS Engine startup complete. 1.5.1869
[06/25/18 11:32:42] D2BS 10480: D2BS Shutdown complete.
[06/25/18 11:41:09] D2BS 4572: D2BS Engine startup complete. 1.5.1869
[06/25/18 11:41:49] D2BS 4572: D2BS Shutdown complete.
[06/25/18 12:57:39] D2BS 8108: D2BS Engine startup complete. 1.5.1869
[06/25/18 12:57:39] D2BS 8108: ISOUniques
[06/25/18 16:50:55] D2BS 11224: D2BS Engine startup complete. 1.5.1869
[06/25/18 16:50:55] D2BS 11224: ISOCharms
[06/25/18 17:37:59] D2BS 7164: D2BS Engine startup complete. 1.5.1869
[06/25/18 17:37:59] D2BS 7164: ISOCharms
[06/25/18 17:38:00] D2BS 1272: D2BS Engine startup complete. 1.5.1869
[06/25/18 17:38:00] D2BS 1272: ISOUniques
[06/25/18 17:38:00] D2BS 3052: D2BS Engine startup complete. 1.5.1869
[06/25/18 17:38:00] D2BS 3052: ISOHrs
[06/25/18 17:42:17] D2BS 1272: D2BS Shutdown complete.
[06/25/18 17:42:17] D2BS 3052: D2BS Shutdown complete.
[06/25/18 17:42:17] D2BS 7164: D2BS Shutdown complete.
[06/25/18 17:42:17] D2BS 10576: D2BS Shutdown complete.
[06/25/18 18:24:55] D2BS 3704: D2BS Engine startup complete. 1.5.1869
[06/25/18 18:24:55] D2BS 3704: ISOHrs
[06/25/18 18:24:59] D2BS 7536: D2BS Engine startup complete. 1.5.1869
[06/25/18 18:24:59] D2BS 7536: ISOUniques
[06/25/18 18:25:03] D2BS 2092: D2BS Engine startup complete. 1.5.1869
[06/25/18 18:25:03] D2BS 2092: ISOCharms
[06/25/18 18:25:07] D2BS 10440: D2BS Engine startup complete. 1.5.1869
[06/25/18 18:25:07] D2BS 10440: ISOExperience
[06/25/18 19:04:47] D2BS 1532: D2BS Engine startup complete. 1.5.1869
[06/25/18 19:04:47] D2BS 1532: ISOHrs
[06/25/18 19:23:05] D2BS 2092: D2BS Shutdown complete.
[06/25/18 19:23:05] D2BS 7536: D2BS Shutdown complete.
[06/25/18 19:23:05] D2BS 10440: D2BS Shutdown complete.
[06/25/18 19:23:05] D2BS 1532: D2BS Shutdown complete.
[06/25/18 19:42:05] D2BS 2380: D2BS Engine startup complete. 1.5.1869
[06/25/18 19:42:05] D2BS 8612: D2BS Engine startup complete. 1.5.1869
[06/25/18 19:42:05] D2BS 2936: D2BS Engine startup complete. 1.5.1869
[06/25/18 19:42:05] D2BS 2380: ISOExperience
[06/25/18 19:42:05] D2BS 8612: ISOUniques
[06/25/18 19:42:05] D2BS 4308: D2BS Engine startup complete. 1.5.1869
[06/25/18 19:42:05] D2BS 2936: ISOCharms
[06/25/18 19:42:05] D2BS 4308: ISOHrs
[06/25/18 20:02:37] D2BS 7384: D2BS Engine startup complete. 1.5.1869
[06/25/18 20:02:37] D2BS 7384: ISOUniques
[06/25/18 20:02:37] D2BS 6976: D2BS Engine startup complete. 1.5.1869
[06/25/18 20:02:37] D2BS 6976: ISOCharms
[06/25/18 20:22:21] D2BS 7384: Crash File: BlizzardError/2018-06-25 20.22.21/Crash.txt

[06/25/18 20:22:21] D2BS 7384: D2BS Shutdown complete.
[06/25/18 20:22:22] D2BS 7516: D2BS Engine startup complete. 1.5.1869
[06/25/18 20:22:22] D2BS 7516: ISOUniques
[06/26/18 00:23:49] D2BS 2672: D2BS Engine startup complete. 1.5.1869
[06/26/18 00:23:49] D2BS 2024: D2BS Engine startup complete. 1.5.1869
[06/26/18 00:23:49] D2BS 976: D2BS Engine startup complete. 1.5.1869
[06/26/18 00:23:49] D2BS 2672: ISOExperience
[06/26/18 00:23:49] D2BS 9116: D2BS Engine startup complete. 1.5.1869
[06/26/18 00:23:49] D2BS 2024: ISOCharms
[06/26/18 00:23:49] D2BS 976: ISOHrs
[06/26/18 00:23:49] D2BS 9116: ISOUniques
[06/26/18 00:26:35] D2BS 2024: D2BS Shutdown complete.
[06/26/18 00:26:35] D2BS 9116: D2BS Shutdown complete.
[06/26/18 00:26:35] D2BS 2672: D2BS Shutdown complete.
[06/26/18 00:26:37] D2BS 976: D2BS Shutdown complete.
[06/26/18 04:31:37] D2BS 11108: D2BS Engine startup complete. 1.5.1869
[06/26/18 04:31:37] D2BS 11108: BOBarb
[06/26/18 04:31:48] D2BS 7020: D2BS Engine startup complete. 1.5.1869
[06/26/18 04:31:48] D2BS 7020: ISOHrs
[06/26/18 04:32:14] D2BS 7020: D2BS Shutdown complete.
[06/26/18 04:32:28] D2BS 7356: D2BS Engine startup complete. 1.5.1869
[06/26/18 04:32:28] D2BS 7356: ISOHrs
[06/26/18 04:35:14] D2BS 1688: D2BS Engine startup complete. 1.5.1869
[06/26/18 04:35:14] D2BS 1688: ISOHrs
[06/26/18 04:36:32] D2BS 1688: D2BS Shutdown complete.
[06/26/18 04:38:08] D2BS 2864: D2BS Engine startup complete. 1.5.1869
[06/26/18 04:38:08] D2BS 2864: ISOHrs
[06/26/18 04:39:16] D2BS 11108: D2BS Shutdown complete.
[06/26/18 04:39:21] D2BS 2864: D2BS Shutdown complete.
[06/26/18 05:41:37] D2BS 10540: D2BS Engine startup complete. 1.5.1869
[06/26/18 05:41:37] D2BS 10540: ISOHrs
[06/26/18 05:43:03] D2BS 10540: D2BS Shutdown complete.
[06/26/18 05:44:01] D2BS 3508: D2BS Engine startup complete. 1.5.1869
[06/26/18 05:44:01] D2BS 3508: ISOHrs
[06/26/18 05:45:21] D2BS 10808: D2BS Engine startup complete. 1.5.1869
[06/26/18 05:45:21] D2BS 10808: ISOUniques
[06/26/18 05:52:33] D2BS 9276: D2BS Engine startup complete. 1.5.1869
[06/26/18 05:52:33] D2BS 9276: ISOCharms
[06/26/18 05:53:15] D2BS 5360: D2BS Engine startup complete. 1.5.1869
[06/26/18 05:53:15] D2BS 5360: ISOExperience
[06/26/18 07:21:19] D2BS 10808: Crash File: BlizzardError/2018-06-26 07.21.19/Crash.txt

[06/26/18 07:21:19] D2BS 10808: D2BS Shutdown complete.
[06/26/18 07:21:20] D2BS 2576: D2BS Engine startup complete. 1.5.1869
[06/26/18 07:21:20] D2BS 2576: ISOUniques
[06/26/18 07:22:53] D2BS 3836: D2BS Engine startup complete. 1.5.1869
[06/26/18 07:26:07] D2BS 3836: D2BS Shutdown complete.
[06/26/18 09:32:45] D2BS 5808: D2BS Engine startup complete. 1.5.1869
[06/26/18 09:32:45] D2BS 5808: ISOHrs
[06/26/18 09:50:21] D2BS 6020: D2BS Engine startup complete. 1.5.1869
[06/26/18 09:51:12] D2BS 6020: D2BS Shutdown complete.
[06/26/18 10:39:52] D2BS 6820: D2BS Engine startup complete. 1.5.1869
[06/26/18 10:39:53] D2BS 6820: ISOUniques
[06/26/18 11:38:31] D2BS 3276: D2BS Engine startup complete. 1.5.1869
[06/26/18 11:38:31] D2BS 3276: ISOUniques
[06/26/18 12:44:57] D2BS 9276: Crash File: BlizzardError/2018-06-26 12.44.57/Crash.txt

[06/26/18 12:44:57] D2BS 9276: D2BS Shutdown complete.
[06/26/18 12:44:58] D2BS 8152: D2BS Engine startup complete. 1.5.1869
[06/26/18 12:44:58] D2BS 8152: ISOCharms
[06/26/18 13:36:45] D2BS 5360: Crash File: BlizzardError/2018-06-26 13.36.44/Crash.txt

[06/26/18 13:36:45] D2BS 5360: D2BS Shutdown complete.
[06/26/18 13:36:46] D2BS 1200: D2BS Engine startup complete. 1.5.1869
[06/26/18 13:36:46] D2BS 1200: ISOExperience
[06/26/18 14:05:14] D2BS 10812: D2BS Engine startup complete. 1.5.1869
[06/26/18 14:05:14] D2BS 10812: ISOHrs
[06/26/18 14:23:51] D2BS 7528: D2BS Engine startup complete. 1.5.1869
[06/26/18 14:24:42] D2BS 7528: D2BS Shutdown complete.
[06/26/18 15:16:39] D2BS 3276: D2BS Shutdown complete.
[06/26/18 15:16:39] D2BS 8152: D2BS Shutdown complete.
[06/26/18 17:38:12] D2BS 9060: D2BS Engine startup complete. 1.5.1869
[06/26/18 17:38:12] D2BS 10944: D2BS Engine startup complete. 1.5.1869
[06/26/18 17:38:12] D2BS 10944: ISOHrs
[06/26/18 17:38:12] D2BS 9060: ISOUniques
[06/26/18 17:39:03] D2BS 10944: D2BS Shutdown complete.
[06/26/18 17:39:03] D2BS 9060: D2BS Shutdown complete.
[06/26/18 17:40:32] D2BS 4656: D2BS Engine startup complete. 1.5.1869
[06/26/18 17:40:32] D2BS 4656: BOBarb
[06/26/18 17:40:32] D2BS 8484: D2BS Engine startup complete. 1.5.1869
[06/26/18 17:40:32] D2BS 8484: ISOHrs
[06/26/18 17:42:25] D2BS 4656: D2BS Shutdown complete.
[06/26/18 17:44:00] D2BS 10156: D2BS Engine startup complete. 1.5.1869
[06/26/18 17:44:00] D2BS 6384: D2BS Engine startup complete. 1.5.1869
[06/26/18 17:44:00] D2BS 10156: ISOHrs
[06/26/18 17:44:00] D2BS 6384: BOBarb
[06/26/18 17:45:51] D2BS 6384: D2BS Shutdown complete.
[06/26/18 17:49:32] D2BS 10156: D2BS Shutdown complete.
[06/26/18 18:06:38] D2BS 9784: D2BS Engine startup complete. 1.5.1869
[06/26/18 18:06:38] D2BS 7104: D2BS Engine startup complete. 1.5.1869
[06/26/18 18:06:38] D2BS 7104: ISOCharms
[06/26/18 18:06:38] D2BS 7008: D2BS Engine startup complete. 1.5.1869
[06/26/18 18:06:38] D2BS 7008: ISOUniques
[06/26/18 18:06:54] D2BS 3120: D2BS Engine startup complete. 1.5.1869
[06/26/18 18:06:54] D2BS 3920: D2BS Engine startup complete. 1.5.1869
[06/26/18 18:06:54] D2BS 3120: BOBarb
[06/26/18 18:06:54] D2BS 3920: ISOExperience
[06/26/18 18:07:14] D2BS 9784: D2BS Shutdown complete.
[06/26/18 18:07:20] D2BS 7008: D2BS Shutdown complete.
[06/26/18 18:07:20] D2BS 3920: D2BS Shutdown complete.
[06/26/18 18:07:20] D2BS 3120: D2BS Shutdown complete.
[06/26/18 18:07:20] D2BS 7104: D2BS Shutdown complete.
[06/26/18 18:09:23] D2BS 6132: D2BS Engine startup complete. 1.5.1869
[06/26/18 18:09:23] D2BS 6132: ISOUniques
[06/26/18 18:11:31] D2BS 5600: D2BS Engine startup complete. 1.5.1869
[06/26/18 18:11:31] D2BS 5600: ISOCharms
[06/26/18 18:11:39] D2BS 1748: D2BS Engine startup complete. 1.5.1869
[06/26/18 18:11:39] D2BS 1748: ISOExperience
[06/26/18 18:11:53] D2BS 8168: D2BS Engine startup complete. 1.5.1869
[06/26/18 18:11:53] D2BS 8168: BOBarb
[06/26/18 18:14:44] D2BS 6060: D2BS Engine startup complete. 1.5.1869
[06/26/18 18:14:44] D2BS 6060: ISOHrs
[06/26/18 18:15:48] D2BS 6060: D2BS Shutdown complete.
[06/26/18 18:15:48] D2BS 8168: D2BS Shutdown complete.
[06/26/18 18:15:48] D2BS 6132: D2BS Shutdown complete.
[06/26/18 18:26:00] D2BS 6244: D2BS Engine startup complete. 1.5.1869
[06/26/18 18:26:35] D2BS 6244: D2BS Shutdown complete.
[06/26/18 18:27:52] D2BS 960: D2BS Engine startup complete. 1.5.1869
[06/26/18 18:27:52] D2BS 960: ISOUniques
[06/26/18 18:28:00] D2BS 3496: D2BS Engine startup complete. 1.5.1869
[06/26/18 18:28:00] D2BS 3496: ISOCharms
[06/26/18 18:28:14] D2BS 7764: D2BS Engine startup complete. 1.5.1869
[06/26/18 18:28:14] D2BS 7764: ISOExperience
[06/26/18 18:28:42] D2BS 4092: D2BS Engine startup complete. 1.5.1869
[06/26/18 18:28:42] D2BS 4092: BOBarb
[06/26/18 18:33:32] D2BS 9000: D2BS Engine startup complete. 1.5.1869
[06/26/18 18:33:32] D2BS 9000: ISOHrs
[06/26/18 18:54:38] D2BS 7764: [Strict Warning] Code(162) File(c:\users\nerd\desktop\kol\d2bs\kolbot\libs\common\pickit.js:366) reference to undefined property qualNames[quality]
Line: (null)
[06/26/18 18:55:21] D2BS 7764: D2BS Shutdown complete.
[06/26/18 18:55:21] D2BS 9000: D2BS Shutdown complete.
[06/26/18 18:55:21] D2BS 4092: D2BS Shutdown complete.
[06/26/18 18:55:21] D2BS 960: D2BS Shutdown complete.
[06/26/18 19:56:05] D2BS 8892: D2BS Engine startup complete. 1.5.1869
[06/26/18 19:56:05] D2BS 3420: D2BS Engine startup complete. 1.5.1869
[06/26/18 19:56:05] D2BS 8888: D2BS Engine startup complete. 1.5.1869
[06/26/18 19:56:05] D2BS 8276: D2BS Engine startup complete. 1.5.1869
[06/26/18 19:56:05] D2BS 8892: ISOHrs
[06/26/18 19:56:05] D2BS 8276: ISOExperience
[06/26/18 19:56:05] D2BS 8888: ISOUniques
[06/26/18 19:56:05] D2BS 3420: ISOCharms
[06/26/18 20:10:25] D2BS 8276: D2BS Shutdown complete.
[06/26/18 20:10:25] D2BS 8892: D2BS Shutdown complete.
[06/26/18 20:10:25] D2BS 3420: D2BS Shutdown complete.
[06/26/18 20:10:25] D2BS 8888: D2BS Shutdown complete.
[06/26/18 20:16:25] D2BS 8964: D2BS Engine startup complete. 1.5.1869
[06/26/18 20:16:25] D2BS 5892: D2BS Engine startup complete. 1.5.1869
[06/26/18 20:16:25] D2BS 1948: D2BS Engine startup complete. 1.5.1869
[06/26/18 20:16:25] D2BS 5804: D2BS Engine startup complete. 1.5.1869
[06/26/18 20:16:25] D2BS 8964: ISOExperience
[06/26/18 20:16:25] D2BS 5892: ISOCharms
[06/26/18 20:16:25] D2BS 5804: ISOUniques
[06/26/18 20:16:25] D2BS 1948: ISOHrs
[06/26/18 20:26:27] D2BS 5892: D2BS Shutdown complete.
[06/26/18 20:26:27] D2BS 1948: D2BS Shutdown complete.
[06/26/18 20:26:27] D2BS 5804: D2BS Shutdown complete.
[06/26/18 20:39:54] D2BS 9340: D2BS Engine startup complete. 1.5.1869
[06/26/18 20:39:54] D2BS 6084: D2BS Engine startup complete. 1.5.1869
[06/26/18 20:39:54] D2BS 620: ISOHrs
[06/26/18 20:39:54] D2BS 3944: D2BS Engine startup complete. 1.5.1869
[06/26/18 20:39:54] D2BS 9340: ISOCharms
[06/26/18 20:39:54] D2BS 6084: ISOUniques
[06/26/18 20:39:54] D2BS 3944: ISOExperience
[06/26/18 21:10:50] D2BS 7172: D2BS Engine startup complete. 1.5.1869
[06/26/18 21:10:51] D2BS 7172: ISOHrs
[06/26/18 21:36:11] D2BS 6084: D2BS Shutdown complete.
[06/26/18 21:36:11] D2BS 3944: D2BS Shutdown complete.
[06/26/18 21:58:46] D2BS 5548: D2BS Engine startup complete. 1.5.1869
[06/26/18 21:58:46] D2BS 8432: D2BS Engine startup complete. 1.5.1869
[06/26/18 21:58:46] D2BS 8716: D2BS Engine startup complete. 1.5.1869
[06/26/18 21:58:46] D2BS 5548: ISOCharms
[06/26/18 21:58:46] D2BS 8716: ISOUniques
[06/26/18 21:58:46] D2BS 8432: ISOHrs
[06/26/18 21:58:46] D2BS 3044: D2BS Engine startup complete. 1.5.1869
[06/26/18 21:58:46] D2BS 3044: ISOExperience
[06/26/18 22:19:16] D2BS 8716: D2BS Shutdown complete.
[06/26/18 22:19:16] D2BS 8432: D2BS Shutdown complete.
[06/26/18 22:19:16] D2BS 3044: D2BS Shutdown complete.
[06/26/18 22:19:16] D2BS 5548: D2BS Shutdown complete.
[06/26/18 22:51:29] D2BS 10396: D2BS Engine startup complete. 1.5.1869
[06/26/18 22:51:29] D2BS 10540: D2BS Engine startup complete. 1.5.1869
[06/26/18 22:51:29] D2BS 10396: ISOExperience
[06/26/18 22:51:29] D2BS 10932: D2BS Engine startup complete. 1.5.1869
[06/26/18 22:51:29] D2BS 4952: D2BS Engine startup complete. 1.5.1869
[06/26/18 22:51:29] D2BS 10540: ISOUniques
[06/26/18 22:51:29] D2BS 4952: ISOCharms
[06/26/18 22:51:29] D2BS 10932: ISOHrs
[06/26/18 22:53:39] D2BS 4952: D2BS Shutdown complete.
[06/26/18 22:53:39] D2BS 10540: D2BS Shutdown complete.
[06/26/18 22:53:39] D2BS 10932: D2BS Shutdown complete.
[06/26/18 23:30:01] D2BS 9508: D2BS Engine startup complete. 1.5.1869
[06/26/18 23:30:01] D2BS 636: D2BS Engine startup complete. 1.5.1869
[06/26/18 23:30:01] D2BS 10092: D2BS Engine startup complete. 1.5.1869
[06/26/18 23:30:01] D2BS 9508: ISOExperience
[06/26/18 23:30:01] D2BS 636: ISOUniques
[06/26/18 23:30:01] D2BS 6500: D2BS Engine startup complete. 1.5.1869
[06/26/18 23:30:01] D2BS 10092: ISOHrs
[06/26/18 23:30:01] D2BS 6500: ISOCharms
[06/26/18 23:31:11] D2BS 6500: D2BS Shutdown complete.
[06/26/18 23:33:55] D2BS 7220: D2BS Engine startup complete. 1.5.1869
[06/26/18 23:33:55] D2BS 4360: D2BS Engine startup complete. 1.5.1869
[06/26/18 23:33:55] D2BS 11140: D2BS Engine startup complete. 1.5.1869
[06/26/18 23:33:55] D2BS 4360: ISOCharms
[06/26/18 23:33:55] D2BS 7220: ISOHrs
[06/26/18 23:33:55] D2BS 11092: D2BS Engine startup complete. 1.5.1869
[06/26/18 23:33:55] D2BS 11140: ISOExperience
[06/26/18 23:33:55] D2BS 11092: ISOUniques
[06/26/18 23:50:41] D2BS 11140: D2BS Shutdown complete.
[06/26/18 23:50:42] D2BS 4360: D2BS Shutdown complete.
[06/26/18 23:50:42] D2BS 7220: D2BS Shutdown complete.
[06/26/18 23:50:42] D2BS 11092: D2BS Shutdown complete.
[06/27/18 00:27:48] D2BS 8632: D2BS Engine startup complete. 1.5.1869
[06/27/18 00:27:48] D2BS 2296: D2BS Engine startup complete. 1.5.1869
[06/27/18 00:27:48] D2BS 10800: D2BS Engine startup complete. 1.5.1869
[06/27/18 00:27:48] D2BS 8632: BOBarb
[06/27/18 00:27:48] D2BS 2296: ISOHrs
[06/27/18 00:27:48] D2BS 7116: D2BS Engine startup complete. 1.5.1869
[06/27/18 00:27:48] D2BS 10800: ISOCharms
[06/27/18 00:27:48] D2BS 7116: ISOUniques
[06/27/18 00:33:35] D2BS 7116: D2BS Shutdown complete.
[06/27/18 00:33:37] D2BS 10800: D2BS Shutdown complete.
[06/27/18 00:35:06] D2BS 8632: D2BS Shutdown complete.
[06/27/18 00:35:09] D2BS 2296: D2BS Shutdown complete.
[06/27/18 00:47:11] D2BS 5920: D2BS Engine startup complete. 1.5.1869
[06/27/18 00:47:11] D2BS 10532: D2BS Engine startup complete. 1.5.1869
[06/27/18 00:47:11] D2BS 5500: D2BS Engine startup complete. 1.5.1869
[06/27/18 00:47:11] D2BS 1684: D2BS Engine startup complete. 1.5.1869
[06/27/18 00:47:11] D2BS 10532: ISOCharms
[06/27/18 00:47:11] D2BS 1684: ISOUniques
[06/27/18 00:47:11] D2BS 5920: BOBarb
[06/27/18 00:47:11] D2BS 5500: ISOHrs
[06/27/18 00:57:10] D2BS 5500: D2BS Shutdown complete.
[06/27/18 00:57:10] D2BS 5920: D2BS Shutdown complete.

[06/27/18 01:03:13] D2BS 4736: D2BS Engine startup complete. 1.5.1869
[06/27/18 01:03:13] D2BS 360: D2BS Engine startup complete. 1.5.1869
[06/27/18 01:03:13] D2BS 9704: D2BS Engine startup complete. 1.5.1869
[06/27/18 01:03:13] D2BS 5028: D2BS Engine startup complete. 1.5.1869
[06/27/18 01:03:13] D2BS 360: BOBarb
[06/27/18 01:03:13] D2BS 4736: ISOHrs
[06/27/18 01:03:13] D2BS 9704: ISOUniques
[06/27/18 01:03:13] D2BS 5028: ISOCharms
[06/27/18 01:05:10] D2BS 2436: D2BS Engine startup complete. 1.5.1869
[06/27/18 01:05:48] D2BS 2436: D2BS Shutdown complete.
[06/27/18 03:38:19] D2BS 360: D2BS Shutdown complete.
[06/27/18 03:38:19] D2BS 2992: D2BS Engine startup complete. 1.5.1869
[06/27/18 03:38:19] D2BS 2992: BOBarb
[06/27/18 04:00:05] D2BS 12188: D2BS Engine startup complete. 1.5.1869
[06/27/18 04:01:05] D2BS 12188: D2BS Shutdown complete.
[06/27/18 04:30:21] D2BS 5028: D2BS Shutdown complete.
[06/27/18 04:30:22] D2BS 7340: D2BS Engine startup complete. 1.5.1869
[06/27/18 04:30:22] D2BS 7340: ISOCharms
[06/27/18 04:30:25] D2BS 9704: D2BS Shutdown complete.
[06/27/18 04:30:26] D2BS 11560: D2BS Engine startup complete. 1.5.1869
[06/27/18 04:30:26] D2BS 11560: ISOUniques
[06/27/18 04:30:46] D2BS 4736: D2BS Shutdown complete.
[06/27/18 04:30:47] D2BS 4104: D2BS Engine startup complete. 1.5.1869
[06/27/18 04:30:47] D2BS 4104: ISOHrs
[06/27/18 07:20:59] D2BS 10964: D2BS Engine startup complete. 1.5.1869
[06/27/18 07:20:59] D2BS 10964: ISOCharms
[06/27/18 07:35:32] D2BS 10964: D2BS Shutdown complete.
[06/27/18 07:35:32] D2BS 11360: D2BS Engine startup complete. 1.5.1869
[06/27/18 07:35:32] D2BS 11360: ISOCharms
[06/27/18 07:35:35] D2BS 4104: D2BS Shutdown complete.
[06/27/18 07:35:36] D2BS 10820: D2BS Engine startup complete. 1.5.1869
[06/27/18 07:35:36] D2BS 10820: ISOHrs
[06/27/18 07:35:39] D2BS 11560: D2BS Shutdown complete.
[06/27/18 07:35:40] D2BS 11788: D2BS Engine startup complete. 1.5.1869
[06/27/18 07:35:40] D2BS 11788: ISOUniques
[06/27/18 07:40:53] D2BS 11304: D2BS Engine startup complete. 1.5.1869
[06/27/18 07:41:47] D2BS 11304: D2BS Shutdown complete.
[06/27/18 08:27:08] D2BS 3700: D2BS Engine startup complete. 1.5.1869
[06/27/18 08:27:08] D2BS 3700: ISOHrs
[06/27/18 10:34:28] D2BS 7392: D2BS Engine startup complete. 1.5.1869
[06/27/18 10:35:14] D2BS 7392: D2BS Shutdown complete.
[06/27/18 13:11:47] D2BS 11788: Crash File: BlizzardError/2018-06-27 13.11.47/Crash.txt

[06/27/18 13:11:48] D2BS 11788: D2BS Shutdown complete.
[06/27/18 13:11:49] D2BS 6748: D2BS Engine startup complete. 1.5.1869
[06/27/18 13:11:49] D2BS 6748: ISOUniques
[06/27/18 13:13:34] D2BS 2992: D2BS Shutdown complete.
[06/27/18 13:13:34] D2BS 3700: D2BS Shutdown complete.

[06/27/18 13:13:34] D2BS 6748: D2BS Shutdown complete.
[06/27/18 13:24:03] D2BS 12312: D2BS Engine startup complete. 1.5.1869
[06/27/18 13:24:51] D2BS 12212: D2BS Engine startup complete. 1.5.1869
[06/27/18 13:26:28] D2BS 12312: D2BS Shutdown complete.
[06/27/18 13:26:29] D2BS 12212: D2BS Shutdown complete.
[06/27/18 13:29:12] D2BS 13108: D2BS Engine startup complete. 1.5.1869
[06/27/18 13:29:12] D2BS 8440: D2BS Engine startup complete. 1.5.1869
[06/27/18 13:29:12] D2BS 13120: D2BS Engine startup complete. 1.5.1869
[06/27/18 13:29:12] D2BS 13108: ISOHrs
[06/27/18 13:29:12] D2BS 8440: ISOUniques
[06/27/18 13:29:12] D2BS 5548: D2BS Engine startup complete. 1.5.1869
[06/27/18 13:29:12] D2BS 13120: ISOCharms
[06/27/18 13:29:37] D2BS 5548: D2BS Shutdown complete.
[06/27/18 13:29:40] D2BS 4324: D2BS Engine startup complete. 1.5.1869
[06/27/18 13:29:40] D2BS 4324: BOBarb
[06/27/18 14:03:05] D2BS 1532: D2BS Engine startup complete. 1.5.1869
[06/27/18 14:03:45] D2BS 1532: D2BS Shutdown complete.
[06/27/18 15:09:19] D2BS 13120: D2BS Shutdown complete.
[06/27/18 15:09:19] D2BS 9884: D2BS Engine startup complete. 1.5.1869
[06/27/18 15:09:19] D2BS 9884: ISOCharms
[06/27/18 15:10:18] D2BS 13108: D2BS Shutdown complete.
[06/27/18 15:10:19] D2BS 3092: D2BS Engine startup complete. 1.5.1869
[06/27/18 15:10:19] D2BS 3092: ISOHrs
[06/27/18 15:11:55] D2BS 8440: D2BS Shutdown complete.
[06/27/18 15:11:55] D2BS 920: D2BS Engine startup complete. 1.5.1869
[06/27/18 15:11:55] D2BS 920: ISOUniques
[06/27/18 15:12:38] D2BS 9884: D2BS Shutdown complete.
[06/27/18 15:12:39] D2BS 4148: D2BS Engine startup complete. 1.5.1869
[06/27/18 15:12:39] D2BS 4148: ISOCharms
[06/27/18 16:39:28] D2BS 11380: D2BS Engine startup complete. 1.5.1869
[06/27/18 16:39:28] D2BS 11380: ISOCharms
[06/27/18 16:57:33] D2BS 920: D2BS Shutdown complete.
[06/27/18 16:57:34] D2BS 7688: D2BS Engine startup complete. 1.5.1869
[06/27/18 16:57:34] D2BS 7688: ISOUniques
[06/27/18 16:57:58] D2BS 3092: D2BS Shutdown complete.
[06/27/18 16:57:58] D2BS 12720: D2BS Engine startup complete. 1.5.1869
[06/27/18 16:57:58] D2BS 12720: ISOHrs
[06/27/18 17:00:50] D2BS 7688: D2BS Shutdown complete.
[06/27/18 17:00:50] D2BS 6524: D2BS Engine startup complete. 1.5.1869
[06/27/18 17:00:50] D2BS 6524: ISOUniques
[06/27/18 17:01:16] D2BS 12720: D2BS Shutdown complete.
[06/27/18 17:01:16] D2BS 13492: D2BS Engine startup complete. 1.5.1869
[06/27/18 17:01:16] D2BS 13492: ISOHrs
[06/27/18 17:04:10] D2BS 6524: D2BS Shutdown complete.
[06/27/18 17:04:11] D2BS 14112: D2BS Engine startup complete. 1.5.1869
[06/27/18 17:04:11] D2BS 14112: ISOUniques
[06/27/18 17:32:17] D2BS 11380: D2BS Shutdown complete.
[06/27/18 17:32:17] D2BS 12880: D2BS Engine startup complete. 1.5.1869
[06/27/18 17:32:17] D2BS 12880: ISOCharms
[06/27/18 17:32:19] D2BS 14112: D2BS Shutdown complete.
[06/27/18 17:32:19] D2BS 11436: D2BS Engine startup complete. 1.5.1869
[06/27/18 17:32:19] D2BS 11436: ISOUniques
[06/27/18 17:32:38] D2BS 13492: D2BS Shutdown complete.
[06/27/18 17:32:39] D2BS 6044: D2BS Engine startup complete. 1.5.1869
[06/27/18 17:32:39] D2BS 6044: ISOHrs
[06/27/18 17:35:38] D2BS 12880: D2BS Shutdown complete.
[06/27/18 17:35:39] D2BS 10024: D2BS Engine startup complete. 1.5.1869
[06/27/18 17:35:39] D2BS 10024: ISOCharms
[06/27/18 17:46:20] D2BS 4324: D2BS Shutdown complete.
[06/27/18 17:46:20] D2BS 7000: D2BS Engine startup complete. 1.5.1869
[06/27/18 17:46:20] D2BS 7000: BOBarb
[06/27/18 17:49:40] D2BS 7000: D2BS Shutdown complete.
[06/27/18 17:49:40] D2BS 13728: D2BS Engine startup complete. 1.5.1869
[06/27/18 17:49:40] D2BS 13728: BOBarb
[06/27/18 19:18:01] D2BS 11436: D2BS Shutdown complete.
[06/27/18 19:18:01] D2BS 6044: D2BS Shutdown complete.
[06/27/18 19:18:01] D2BS 10024: D2BS Shutdown complete.
[06/27/18 19:21:37] D2BS 2312: D2BS Engine startup complete. 1.5.1869
[06/27/18 19:21:37] D2BS 4936: D2BS Engine startup complete. 1.5.1869
[06/27/18 19:21:37] D2BS 12284: D2BS Engine startup complete. 1.5.1869
[06/27/18 19:21:37] D2BS 13868: D2BS Engine startup complete. 1.5.1869
[06/27/18 19:21:37] D2BS 12284: BOBarb
[06/27/18 19:21:37] D2BS 4936: ISOCharms
[06/27/18 19:21:37] D2BS 2312: ISOHrs
[06/27/18 19:21:38] D2BS 13868: ISOUniques
[06/27/18 19:56:43] D2BS 2312: D2BS Shutdown complete.
[06/27/18 19:56:43] D2BS 4936: D2BS Shutdown complete.
[06/27/18 19:56:43] D2BS 13868: D2BS Shutdown complete.
[06/27/18 19:56:43] D2BS 12284: D2BS Shutdown complete.
[06/27/18 21:40:42] D2BS 12660: D2BS Engine startup complete. 1.5.1869
[06/27/18 21:40:42] D2BS 13584: D2BS Engine startup complete. 1.5.1869
[06/27/18 21:40:42] D2BS 6768: D2BS Engine startup complete. 1.5.1869
[06/27/18 21:40:42] D2BS 13584: BOBarb
[06/27/18 21:40:42] D2BS 5640: D2BS Engine startup complete. 1.5.1869
[06/27/18 21:40:42] D2BS 12660: ISOCharms
[06/27/18 21:40:42] D2BS 6768: ISOUniques
[06/27/18 21:40:42] D2BS 5640: ISOHrs
[06/28/18 01:32:52] D2BS 12660: D2BS Shutdown complete.
[06/28/18 01:32:52] D2BS 6768: D2BS Shutdown complete.

[06/28/18 05:00:22] D2BS 3748: D2BS Engine startup complete. 1.5.1869
[06/28/18 05:00:22] D2BS 2968: D2BS Engine startup complete. 1.5.1869
[06/28/18 05:00:22] D2BS 12360: D2BS Engine startup complete. 1.5.1869
[06/28/18 05:00:22] D2BS 3748: ISOHrs
[06/28/18 05:00:22] D2BS 12360: BOBarb
[06/28/18 05:00:22] D2BS 2968: ISOCharms
[06/28/18 05:11:22] D2BS 3748: D2BS Shutdown complete.
[06/28/18 05:11:22] D2BS 12360: D2BS Shutdown complete.
[06/28/18 05:11:22] D2BS 2968: D2BS Shutdown complete.
[06/28/18 05:15:33] D2BS 9904: D2BS Engine startup complete. 1.5.1869
[06/28/18 05:15:33] D2BS 2020: D2BS Engine startup complete. 1.5.1869
[06/28/18 05:15:33] D2BS 9904: ISOHrs
[06/28/18 05:15:33] D2BS 2020: ISOCharms
[06/28/18 05:15:33] D2BS 11336: D2BS Engine startup complete. 1.5.1869
[06/28/18 05:15:33] D2BS 11336: BOBarb
[06/28/18 05:24:32] D2BS 2020: D2BS Shutdown complete.
[06/28/18 05:25:13] D2BS 12032: D2BS Engine startup complete. 1.5.1869
[06/28/18 05:25:13] D2BS 12032: ISOCharms
[06/28/18 07:38:53] D2BS 9904: Crash File: BlizzardError/2018-06-28 07.38.53/Crash.txt

[06/28/18 07:38:53] D2BS 9904: D2BS Shutdown complete.
[06/28/18 07:38:54] D2BS 12816: D2BS Engine startup complete. 1.5.1869
[06/28/18 07:38:54] D2BS 12816: ISOHrs
[06/28/18 09:09:07] D2BS 12032: D2BS Shutdown complete.
[06/28/18 09:09:07] D2BS 11536: D2BS Engine startup complete. 1.5.1869
[06/28/18 09:09:07] D2BS 11536: ISOCharms
[06/28/18 09:09:08] D2BS 11336: D2BS Shutdown complete.
[06/28/18 09:09:09] D2BS 8832: D2BS Engine startup complete. 1.5.1869
[06/28/18 09:09:09] D2BS 8832: BOBarb
[06/28/18 09:10:40] D2BS 12816: D2BS Shutdown complete.
[06/28/18 09:10:41] D2BS 14256: D2BS Engine startup complete. 1.5.1869
[06/28/18 09:10:41] D2BS 14256: ISOHrs
[06/28/18 09:12:27] D2BS 11536: D2BS Shutdown complete.
[06/28/18 09:12:27] D2BS 2972: D2BS Engine startup complete. 1.5.1869
[06/28/18 09:12:27] D2BS 2972: ISOCharms
[06/28/18 09:12:28] D2BS 8832: D2BS Shutdown complete.
[06/28/18 09:12:28] D2BS 14108: D2BS Engine startup complete. 1.5.1869
[06/28/18 09:12:28] D2BS 14108: BOBarb
[06/28/18 10:04:48] D2BS 12828: D2BS Engine startup complete. 1.5.1869
[06/28/18 10:05:36] D2BS 12828: D2BS Shutdown complete.
[06/28/18 17:25:11] D2BS 14108: D2BS Shutdown complete.
[06/28/18 17:25:11] D2BS 7508: D2BS Engine startup complete. 1.5.1869
[06/28/18 17:25:12] D2BS 7508: BOBarb
[06/28/18 17:26:23] D2BS 2972: D2BS Shutdown complete.
[06/28/18 17:26:23] D2BS 14256: D2BS Shutdown complete.
[06/28/18 17:26:23] D2BS 7508: D2BS Shutdown complete.
[06/28/18 18:51:15] D2BS 7560: D2BS Engine startup complete. 1.5.1869
[06/28/18 18:51:15] D2BS 11432: D2BS Engine startup complete. 1.5.1869
[06/28/18 18:51:15] D2BS 11432: BOBarb
[06/28/18 18:51:15] D2BS 7560: ISOHrs
[06/28/18 18:51:15] D2BS 12640: D2BS Engine startup complete. 1.5.1869
[06/28/18 18:51:15] D2BS 12640: ISOUniques
[06/28/18 18:52:26] D2BS 12640: D2BS Shutdown complete.
[06/28/18 18:52:28] D2BS 11632: D2BS Engine startup complete. 1.5.1869
[06/28/18 18:52:28] D2BS 11632: ISOCharms
[06/28/18 20:56:25] D2BS 11432: D2BS Shutdown complete.
[06/28/18 20:56:25] D2BS 11632: D2BS Shutdown complete.
[06/28/18 20:56:59] D2BS 6884: D2BS Engine startup complete. 1.5.1869
[06/28/18 20:56:59] D2BS 6884: ISOHrs
[06/28/18 20:57:04] D2BS 10904: D2BS Engine startup complete. 1.5.1869
[06/28/18 20:57:04] D2BS 10904: ISOCharms
[06/28/18 20:57:08] D2BS 8720: D2BS Engine startup complete. 1.5.1869
[06/28/18 20:57:08] D2BS 8720: BOBarb
[06/28/18 22:09:54] D2BS 13976: D2BS Engine startup complete. 1.5.1869
[06/28/18 22:09:54] D2BS 13976: ISOHrs
[06/28/18 22:38:32] D2BS 13976: D2BS Shutdown complete.
[06/28/18 22:38:39] D2BS 10904: D2BS Shutdown complete.
[06/28/18 22:40:19] D2BS 8720: D2BS Shutdown complete.
[06/28/18 23:23:14] D2BS 13996: D2BS Engine startup complete. 1.5.1869
[06/28/18 23:23:14] D2BS 13996: ISOHrs
[06/28/18 23:23:20] D2BS 9500: D2BS Engine startup complete. 1.5.1869
[06/28/18 23:23:20] D2BS 9500: ISOCharms
[06/28/18 23:23:25] D2BS 2232: D2BS Engine startup complete. 1.5.1869
[06/28/18 23:23:25] D2BS 2232: BOBarb
[06/29/18 01:46:55] D2BS 2356: D2BS Engine startup complete. 1.5.1869
[06/29/18 01:47:07] D2BS 2356: D2BS Shutdown complete.
[06/29/18 01:47:12] D2BS 6224: D2BS Engine startup complete. 1.5.1869
[06/29/18 01:47:12] D2BS 6224: ISORuneWords
[06/29/18 01:48:20] D2BS 9500: D2BS Shutdown complete.
[06/29/18 01:48:20] D2BS 6224: D2BS Shutdown complete.
[06/29/18 01:48:20] D2BS 2232: D2BS Shutdown complete.
[06/29/18 01:48:20] D2BS 13996: D2BS Shutdown complete.
[06/29/18 02:29:40] D2BS 10508: D2BS Engine startup complete. 1.5.1869
[06/29/18 02:29:40] D2BS 10508: ISORuneWords
[06/29/18 02:59:53] D2BS 9868: D2BS Engine startup complete. 1.5.1869
[06/29/18 02:59:53] D2BS 9868: ISOCharms
[06/29/18 03:00:08] D2BS 10744: D2BS Engine startup complete. 1.5.1869
[06/29/18 03:00:08] D2BS 10744: BOBarb
[06/29/18 03:02:13] D2BS 2884: D2BS Engine startup complete. 1.5.1869
[06/29/18 03:02:13] D2BS 2884: ISOHrs
[06/29/18 03:27:07] D2BS 10744: D2BS Shutdown complete.
[06/29/18 03:27:07] D2BS 10508: D2BS Shutdown complete.
[06/29/18 03:27:07] D2BS 9868: D2BS Shutdown complete.
[06/29/18 03:27:29] D2BS 4084: D2BS Engine startup complete. 1.5.1869
[06/29/18 03:27:29] D2BS 4084: BOBarb
[06/29/18 03:28:02] D2BS 6696: D2BS Engine startup complete. 1.5.1869
[06/29/18 03:28:02] D2BS 6696: ISORuneWords
[06/29/18 03:29:10] D2BS 13440: D2BS Engine startup complete. 1.5.1869
[06/29/18 03:29:10] D2BS 13440: ISOCharms
[06/29/18 03:33:55] D2BS 9060: D2BS Engine startup complete. 1.5.1869
[06/29/18 03:33:55] D2BS 9060: ISOHrs
[06/29/18 04:30:07] D2BS 13472: D2BS Engine startup complete. 1.5.1869
[06/29/18 04:31:24] D2BS 13472: D2BS Shutdown complete.
[06/29/18 04:40:31] D2BS 14092: D2BS Engine startup complete. 1.5.1869
[06/29/18 04:43:50] D2BS 14092: D2BS Shutdown complete.
[06/29/18 10:55:31] D2BS 380: D2BS Engine startup complete. 1.5.1869
[06/29/18 10:58:47] D2BS 380: [Warning] Code(206) File(c:\users\nerd\desktop\kol\d2bs\kolbot\libs\common\pickit.js:312) Game not ready
Line: (null)
[06/29/18 10:58:47] D2BS 380: D2BS Shutdown complete.
[06/29/18 13:37:13] D2BS 1536: D2BS Engine startup complete. 1.5.1869
[06/29/18 13:37:13] D2BS 1536: ISOCharms
[06/29/18 15:31:49] D2BS 4664: D2BS Engine startup complete. 1.5.1869
[06/29/18 15:31:49] D2BS 4664: ISOCharms
[06/29/18 16:39:02] D2BS 14296: D2BS Engine startup complete. 1.5.1869
[06/29/18 16:39:02] D2BS 14296: ISOHrs
[06/29/18 16:39:25] D2BS 11396: D2BS Engine startup complete. 1.5.1869
[06/29/18 16:39:25] D2BS 11396: ISOCharms
[06/29/18 19:10:40] D2BS 5964: D2BS Engine startup complete. 1.5.1869
[06/29/18 19:10:40] D2BS 5964: ISOCharms
[06/29/18 21:25:25] D2BS 5964: D2BS Shutdown complete.
[06/29/18 21:25:25] D2BS 6696: D2BS Shutdown complete.

[06/29/18 21:25:25] D2BS 4084: D2BS Shutdown complete.
[06/30/18 00:03:48] D2BS 13300: D2BS Engine startup complete. 1.5.1869
[06/30/18 00:11:15] D2BS 13300: D2BS Shutdown complete.
[06/30/18 00:11:28] D2BS 8168: D2BS Engine startup complete. 1.5.1869
[06/30/18 00:11:46] D2BS 8168: [Strict Warning] Code(162) File(c:\users\nerd\desktop\kol\d2bs\kolbot\tools\mapthread.js:706) reference to undefined property Hooks.text.getHook(...).hook
Line: (null)
[06/30/18 00:12:57] D2BS 8168: [Error] Code(26) File(c:\users\nerd\desktop\kol\d2bs\kolbot\tools\mapthread.js:744) InternalError: too much recursion
Line: (null)
[06/30/18 00:15:25] D2BS 8168: [Strict Warning] Code(162) File(c:\users\nerd\desktop\kol\d2bs\kolbot\tools\mapthread.js:706) reference to undefined property Hooks.text.getHook(...).hook
Line: (null)
[06/30/18 00:16:09] D2BS 8168: [Error] Code(26) File(c:\users\nerd\desktop\kol\d2bs\kolbot\tools\mapthread.js:744) InternalError: too much recursion
Line: (null)
[06/30/18 00:17:04] D2BS 8168: [Strict Warning] Code(162) File(c:\users\nerd\desktop\kol\d2bs\kolbot\tools\mapthread.js:706) reference to undefined property Hooks.text.getHook(...).hook
Line: (null)
[06/30/18 00:17:09] D2BS 8168: [Error] Code(26) File(c:\users\nerd\desktop\kol\d2bs\kolbot\tools\mapthread.js:744) InternalError: too much recursion
Line: (null)
[06/30/18 00:17:20] D2BS 8168: [Strict Warning] Code(162) File(c:\users\nerd\desktop\kol\d2bs\kolbot\tools\mapthread.js:706) reference to undefined property Hooks.text.getHook(...).hook
Line: (null)
[06/30/18 00:17:24] D2BS 8168: [Error] Code(26) File(c:\users\nerd\desktop\kol\d2bs\kolbot\tools\mapthread.js:744) InternalError: too much recursion
Line: (null)
[06/30/18 00:19:37] D2BS 8168: [Strict Warning] Code(162) File(c:\users\nerd\desktop\kol\d2bs\kolbot\tools\mapthread.js:706) reference to undefined property Hooks.text.getHook(...).hook
Line: (null)
[06/30/18 00:19:43] D2BS 8168: [Error] Code(26) File(c:\users\nerd\desktop\kol\d2bs\kolbot\tools\mapthread.js:744) InternalError: too much recursion
Line: (null)
[06/30/18 00:19:57] D2BS 8168: [Strict Warning] Code(162) File(c:\users\nerd\desktop\kol\d2bs\kolbot\tools\mapthread.js:706) reference to undefined property Hooks.text.getHook(...).hook
Line: (null)
[06/30/18 00:20:05] D2BS 8168: [Error] Code(26) File(c:\users\nerd\desktop\kol\d2bs\kolbot\tools\mapthread.js:744) InternalError: too much recursion
Line: (null)
[06/30/18 00:20:05] D2BS 8168: D2BS Shutdown complete.
[06/30/18 00:26:50] D2BS 7232: D2BS Engine startup complete. 1.5.1869
[06/30/18 00:26:50] D2BS 7232: ISOCharms
[06/30/18 00:26:57] D2BS 3064: D2BS Engine startup complete. 1.5.1869
[06/30/18 00:26:57] D2BS 3064: BOBarb
[06/30/18 00:27:14] D2BS 5504: D2BS Engine startup complete. 1.5.1869
[06/30/18 00:27:15] D2BS 5504: ISOHrs
[06/30/18 00:27:53] D2BS 13476: D2BS Engine startup complete. 1.5.1869
[06/30/18 00:27:53] D2BS 13476: ISORuneWords
[06/30/18 02:48:27] D2BS 6288: D2BS Engine startup complete. 1.5.1869
[06/30/18 02:49:10] D2BS 6288: D2BS Shutdown complete.
[06/30/18 02:51:32] D2BS 13736: D2BS Engine startup complete. 1.5.1869
[06/30/18 02:52:44] D2BS 13736: D2BS Shutdown complete.
[06/30/18 06:50:28] D2BS 7240: D2BS Engine startup complete. 1.5.1869
[06/30/18 06:51:23] D2BS 7240: D2BS Shutdown complete.
[06/30/18 09:45:34] D2BS 8188: D2BS Engine startup complete. 1.5.1869
[06/30/18 09:45:34] D2BS 8188: ISOHrs
[06/30/18 13:28:04] D2BS 300: D2BS Engine startup complete. 1.5.1869
[06/30/18 13:28:04] D2BS 300: ISOCharms
[06/30/18 13:28:14] D2BS 1456: D2BS Engine startup complete. 1.5.1869
[06/30/18 13:28:14] D2BS 1456: ISORuneWords
[06/30/18 13:28:39] D2BS 3064: D2BS Shutdown complete.
[06/30/18 13:28:39] D2BS 300: D2BS Shutdown complete.
[06/30/18 13:28:40] D2BS 1456: D2BS Shutdown complete.
[06/30/18 13:28:40] D2BS 8188: D2BS Shutdown complete.
[06/30/18 13:42:57] D2BS 10336: D2BS Engine startup complete. 1.5.1869
[06/30/18 13:42:57] D2BS 14268: D2BS Engine startup complete. 1.5.1869
[06/30/18 13:42:57] D2BS 4680: D2BS Engine startup complete. 1.5.1869
[06/30/18 13:42:57] D2BS 10336: BOBarb
[06/30/18 13:42:57] D2BS 14268: ISORuneWords
[06/30/18 13:42:57] D2BS 8080: D2BS Engine startup complete. 1.5.1869
[06/30/18 13:42:57] D2BS 4680: ISOHrs
[06/30/18 13:42:57] D2BS 8080: ISOCharms
[06/30/18 14:31:20] D2BS 14160: D2BS Engine startup complete. 1.5.1869
[06/30/18 14:31:20] D2BS 14160: ISORuneWords
[06/30/18 15:51:04] D2BS 9848: D2BS Engine startup complete. 1.5.1869
[06/30/18 15:51:04] D2BS 9848: ISOCharms
