[13:01:57 PM] <MF Sorc> 1 was in use! 
[16:44:52 PM] <ISOUniques> Key2 was in use! 
[18:11:40 PM] <Prymule> Key1 was in use! 
[03:38:19 AM] <BOBarb> Key2 realm down! 
[04:30:21 AM] <ISOCharms> cdkey41.mpq realm down! 
[04:30:25 AM] <ISOUniques> cdkey42.mpq realm down! 
[04:30:46 AM] <ISOHrs> cdkey43.mpq realm down! 
[07:35:32 AM] <ISOCharms> cdkey41.mpq realm down! 
[07:35:35 AM] <ISOHrs> cdkey43.mpq realm down! 
[07:35:39 AM] <ISOUniques> cdkey42.mpq realm down! 
[15:09:18 PM] <ISOCharms> cdkey41.mpq realm down! 
[15:10:18 PM] <ISOHrs> cdkey43.mpq realm down! 
[15:11:55 PM] <ISOUniques> cdkey42.mpq realm down! 
[15:12:38 PM] <ISOCharms> cdkey41.mpq realm down! 
[16:57:33 PM] <ISOUniques> cdkey42.mpq realm down! 
[16:57:57 PM] <ISOHrs> cdkey43.mpq realm down! 
[17:00:49 PM] <ISOUniques> cdkey42.mpq realm down! 
[17:01:15 PM] <ISOHrs> cdkey43.mpq realm down! 
[17:04:10 PM] <ISOUniques> cdkey42.mpq realm down! 
[17:32:16 PM] <ISOCharms> cdkey41.mpq realm down! 
[17:32:19 PM] <ISOUniques> cdkey42.mpq realm down! 
[17:32:38 PM] <ISOHrs> cdkey43.mpq realm down! 
[17:35:38 PM] <ISOCharms> cdkey41.mpq realm down! 
[17:46:19 PM] <BOBarb> Key2 realm down! 
[17:49:39 PM] <BOBarb> Key2 realm down! 
[09:09:07 AM] <ISOCharms> cdkey41.mpq realm down! 
[09:09:08 AM] <BOBarb> Key2 realm down! 
[09:10:40 AM] <ISOHrs> cdkey43.mpq realm down! 
[09:12:27 AM] <ISOCharms> cdkey41.mpq realm down! 
[09:12:28 AM] <BOBarb> Key2 realm down! 
[17:25:11 PM] <BOBarb> Key2 realm down! 
